C:\FDOS\doc\biew\file_id.diz
C:\FDOS\doc\biew\release.txt
C:\FDOS\doc\biew\biew_ru.txt
C:\FDOS\doc\biew\biew_en.txt
C:\FDOS\bin\biew.hlp
C:\FDOS\bin\syntax\c.stx
C:\FDOS\bin\syntax\template.stx
C:\FDOS\bin\syntax\makefile.stx
C:\FDOS\bin\syntax\html.stx
C:\FDOS\bin\syntax\awk.stx
C:\FDOS\bin\syntax\sh.stx
C:\FDOS\bin\syntax\xml.stx
C:\FDOS\bin\syntax\cxx.stx
C:\FDOS\bin\syntax\pascal.stx
C:\FDOS\bin\syntax\fortran.stx
C:\FDOS\bin\syntax\sql.stx
C:\FDOS\bin\syntax\java.stx
C:\FDOS\bin\syntax\python.stx
C:\FDOS\bin\syntax\diff.stx
C:\FDOS\bin\syntax\perl.stx
C:\FDOS\bin\syntax\cpp.stx
C:\FDOS\bin\syntax\syntax.stx
C:\FDOS\bin\skn\standard.skn
C:\FDOS\bin\skn\golded.skn
C:\FDOS\bin\skn\light.skn
C:\FDOS\bin\skn\insight.skn
C:\FDOS\bin\skn\assembly.skn
C:\FDOS\bin\xlt\readme
C:\FDOS\bin\xlt\russian\koi72alt.xlt
C:\FDOS\bin\xlt\russian\win2alt.xlt
C:\FDOS\bin\xlt\russian\mik2alt.xlt
C:\FDOS\bin\xlt\russian\alt2mac.xlt
C:\FDOS\bin\xlt\russian\ibm2alt.xlt
C:\FDOS\bin\xlt\russian\koi82_2a.xlt
C:\FDOS\bin\xlt\russian\koi2alt.xlt
C:\FDOS\bin\xlt\russian\alt2win.xlt
C:\FDOS\bin\xlt\russian\alt2koi.xlt
C:\FDOS\bin\xlt\russian\koi8a2a.xlt
C:\FDOS\bin\xlt\russian\gost872a.xlt
C:\FDOS\bin\xlt\russian\e2a.xlt
C:\FDOS\bin\xlt\russian\koi8e2a.xlt
C:\FDOS\bin\xlt\russian\koi02alt.xlt
C:\FDOS\bin\xlt\russian\iso2alt.xlt
C:\FDOS\bin\xlt\russian\mac2alt.xlt
C:\FDOS\bin\xlt\xlt_cvt.c
C:\FDOS\bin\xlt\nothing.xlt
C:\FDOS\bin\biew.exe
C:\FDOS\appinfo\biew.fr
C:\FDOS\appinfo\biew.tr
C:\FDOS\appinfo\biew.lsm
C:\FDOS\appinfo\biew.de
