c:\blocek\blocek2.en
c:\blocek\default.cfg
c:\blocek\hermanek.png
c:\blocek\key_tbl\cp852uni.tbl
c:\blocek\key_tbl\cp864uni.tbl
c:\blocek\key_tbl\deutsch.ktb
c:\blocek\key_tbl\magyar.gif
c:\blocek\key_tbl\brasil.ktb
c:\blocek\key_tbl\ceska.gif
c:\blocek\key_tbl\cp437uni.tbl
c:\blocek\key_tbl\english.ktb
c:\blocek\key_tbl\cp850uni.tbl
c:\blocek\key_tbl\cp874uni.tbl
c:\blocek\key_tbl\cp866uni.tbl
c:\blocek\key_tbl\cp862uni.tbl
c:\blocek\key_tbl\cp858uni.tbl
c:\blocek\key_tbl\cp775uni.tbl
c:\blocek\key_tbl\cp860uni.tbl
c:\blocek\key_tbl\cp720uni.tbl
c:\blocek\key_tbl\russkaja.gif
c:\blocek\key_tbl\bg.gif
c:\blocek\key_tbl\english.gif
c:\blocek\key_tbl\cp865uni.tbl
c:\blocek\key_tbl\cp869uni.tbl
c:\blocek\key_tbl\cp737uni.tbl
c:\blocek\key_tbl\bds.ktb
c:\blocek\key_tbl\ceska.a8t
c:\blocek\key_tbl\ceska.ktb
c:\blocek\key_tbl\brasil.gif
c:\blocek\key_tbl\deutsch.gif
c:\blocek\key_tbl\magyar.ktb
c:\blocek\key_tbl\c1258uni.tbl
c:\blocek\key_tbl\cp855uni.tbl
c:\blocek\key_tbl\cp863uni.tbl
c:\blocek\key_tbl\russkaja.a8t
c:\blocek\key_tbl\russkaja.ktb
c:\blocek\key_tbl\cp857uni.tbl
c:\blocek\key_tbl\cp861uni.tbl
c:\blocek\info.bat
c:\blocek\blocek1.ru
c:\blocek\blocek1.cz
c:\blocek\blocek.exe
c:\blocek\blocek2.cz
c:\blocek\fonty\couri18.fn
c:\blocek\fonty\latin216.ch
c:\blocek\fonty\banffn21.fn
c:\blocek\fonty\cour16.fn
c:\blocek\fonty\vga8x08.vga
c:\blocek\fonty\latin28.ch
c:\blocek\fonty\times12i.ufn
c:\blocek\fonty\cour18.fn
c:\blocek\fonty\vga8x16u.vga
c:\blocek\fonty\rusky16.ch
c:\blocek\fonty\times12n.ufn
c:\blocek\fonty\unismall.ufn
c:\blocek\fonty\surea37.fn
c:\blocek\fonty\banffn28.fn
c:\blocek\fonty\rusky14.ch
c:\blocek\fonty\cour14.fn
c:\blocek\fonty\rusky8.ch
c:\blocek\fonty\latin214.ch
c:\blocek\fonty\cour10.fn
c:\blocek\fonty\vga8x14.vga
c:\blocek\fonty\unibig.ufn
c:\blocek\fonty\vga8x16.vga
c:\blocek\blocek2.ru
c:\blocek\info.txt
c:\blocek\blocek1.en
C:\FDOS\appinfo\blocek.lsm
