c:\games\bolitare\mplayer\mpdata.dat
c:\games\bolitare\bg\rainbow.jpg
c:\games\bolitare\bg\no-ones-.jpg
c:\games\bolitare\bg\planning.jpg
c:\games\bolitare\bg\time-for.jpg
c:\games\bolitare\bg\pale_sat.jpg
c:\games\bolitare\bg\superflu.jpg
c:\games\bolitare\bg\won-ton-.jpg
c:\games\bolitare\bg\ancient_.jpg
c:\games\bolitare\bg\orange_o.jpg
c:\games\bolitare\bg\marble01.jpg
c:\games\bolitare\bg\baize.jpg
c:\games\bolitare\bg\fade_gre.jpg
c:\games\bolitare\bg\sunday_b.jpg
c:\games\bolitare\bg\foggy1.jpg
c:\games\bolitare\bg\fade_blu.jpg
c:\games\bolitare\bg\gold_cri.jpg
c:\games\bolitare\bg\all-good.jpg
c:\games\bolitare\bg\fade_red.jpg
c:\games\bolitare\bg\bluegree.jpg
c:\games\bolitare\bg\totally-.jpg
c:\games\bolitare\bg\nostalgy.jpg
c:\games\bolitare\bg\vegetati.jpg
c:\games\bolitare\bg\blkmarbl.jpg
c:\games\bolitare\bg\paper01.jpg
c:\games\bolitare\bg\circuit.jpg
c:\games\bolitare\bg\blue_ang.jpg
c:\games\bolitare\bg\the-good.jpg
c:\games\bolitare\bg\gammi.jpg
c:\games\bolitare\bg\prpbumps.jpg
c:\games\bolitare\bg\appropri.jpg
c:\games\bolitare\bg\chequere.jpg
c:\games\bolitare\bg\olive_fo.jpg
c:\games\bolitare\release.txt
c:\games\bolitare\bug_rep.txt
c:\games\bolitare\bolitare.exe
c:\games\bolitare\data.dat
c:\games\bolitare\faq.txt
c:\games\bolitare\credits.txt
c:\games\bolitare\read1st.txt
c:\games\bolitare\config.txt
c:\games\bolitare\todo.txt
C:\FDOS\appinfo\bolitare.fr
C:\FDOS\appinfo\bolitare.tr
C:\FDOS\appinfo\bolitare.lsm
C:\FDOS\appinfo\bolitare.de
