c:\apps\cdp\deutsch\files
c:\apps\cdp\deutsch\cdp_inst.man
c:\apps\cdp\deutsch\cdp.com
c:\apps\cdp\deutsch\cdp_inst.txt
c:\apps\cdp\deutsch\cdp.man
c:\apps\cdp\deutsch\changes
c:\apps\cdp\deutsch\cdp_inst.com
c:\apps\cdp\deutsch\cdp.txt
c:\apps\cdp\readme.txt
c:\apps\cdp\file_id.diz
c:\apps\cdp\english\files
c:\apps\cdp\english\cdp_inst.man
c:\apps\cdp\english\cdp.com
c:\apps\cdp\english\cdp_inst.txt
c:\apps\cdp\english\cdp.man
c:\apps\cdp\english\changes
c:\apps\cdp\english\cdp_inst.com
c:\apps\cdp\english\cdp.txt
C:\FDOS\appinfo\cdp.de
C:\FDOS\appinfo\cdp.fr
C:\FDOS\appinfo\cdp.tr
C:\FDOS\appinfo\cdp.lsm
