C:\FDOS\nls\choice.dk
C:\FDOS\nls\choice.de
C:\FDOS\nls\choice.nl
C:\FDOS\nls\choice.hu
C:\FDOS\nls\choice.pt
C:\FDOS\nls\choice.tr
C:\FDOS\nls\choice.en
C:\FDOS\nls\choice.es
C:\FDOS\nls\choice.fr
C:\FDOS\nls\choice.sv
C:\FDOS\nls\choice.pl
C:\FDOS\nls\choice.sl
C:\FDOS\nls\choice.ru
C:\FDOS\nls\choice.it
C:\FDOS\nls\choice.lv
C:\FDOS\help\choice.tr
C:\FDOS\help\choice.en
C:\FDOS\help\choice.fr
C:\FDOS\doc\choice\news
C:\FDOS\doc\choice\readme
C:\FDOS\doc\choice\bugs
C:\FDOS\doc\choice\install
C:\FDOS\bin\choice.exe
C:\FDOS\bin\_choice.exe
C:\FDOS\appinfo\choice.de
C:\FDOS\appinfo\choice.tr
C:\FDOS\appinfo\choice.lsm
C:\FDOS\appinfo\choice.fr
