C:\FDOS\doc\debug\history.txt
C:\FDOS\doc\debug\readme.txt
C:\FDOS\doc\debug\samples\dpmicl16.asm
C:\FDOS\doc\debug\samples\dpmibk32.asm
C:\FDOS\doc\debug\samples\dpmicl16.scr
C:\FDOS\doc\debug\samples\makej.bat
C:\FDOS\doc\debug\samples\dpmibk16.asm
C:\FDOS\doc\debug\samples\dpmicl32.asm
C:\FDOS\doc\debug\debug.txt
C:\FDOS\bin\debug.com
C:\FDOS\bin\debxxvdd.dll
C:\FDOS\bin\debugxd.com
C:\FDOS\bin\debugxe.com
C:\FDOS\bin\debugxf.com
C:\FDOS\bin\debugx.com
C:\FDOS\bin\debugxg.exe
C:\FDOS\appinfo\debug.lsm
C:\FDOS\appinfo\debug.fr
C:\FDOS\appinfo\debug.tr
C:\FDOS\appinfo\debug.de
