c:\apps\dn2\dn.com
c:\apps\dn2\ukrain.lng
c:\apps\dn2\english.lng
c:\apps\dn2\file_id.diz
c:\apps\dn2\doc\english\news212.txt
c:\apps\dn2\doc\english\news211.txt
c:\apps\dn2\doc\english\news210.txt
c:\apps\dn2\doc\english\news214.txt
c:\apps\dn2\doc\english\dnini.txt
c:\apps\dn2\doc\russian\news209d.txt
c:\apps\dn2\doc\russian\news213d.txt
c:\apps\dn2\doc\russian\news209.txt
c:\apps\dn2\doc\russian\news212d.txt
c:\apps\dn2\doc\russian\news208.txt
c:\apps\dn2\doc\russian\news212.txt
c:\apps\dn2\doc\russian\news213.txt
c:\apps\dn2\doc\russian\news211.txt
c:\apps\dn2\doc\russian\news211d.txt
c:\apps\dn2\doc\russian\news210.txt
c:\apps\dn2\doc\russian\news214.txt
c:\apps\dn2\doc\russian\news210d.txt
c:\apps\dn2\doc\russian\dnini.txt
c:\apps\dn2\dn.flg
c:\apps\dn2\english.hlp
c:\apps\dn2\ukrain.hlp
c:\apps\dn2\ukrain.dlg
c:\apps\dn2\english.dlg
c:\apps\dn2\colors\default.pal
c:\apps\dn2\colors\strelok.pal
c:\apps\dn2\colors\mono.pal
c:\apps\dn2\colors\vax.pal
c:\apps\dn2\colors\norton.pal
c:\apps\dn2\colors\b&w.pal
c:\apps\dn2\colors\jaroslaw.pal
c:\apps\dn2\colors\dark.pal
c:\apps\dn2\descript.ion
c:\apps\dn2\dn.ini
c:\apps\dn2\russian.hlp
c:\apps\dn2\russian.dlg
c:\apps\dn2\dn.prg
c:\apps\dn2\russian.lng
c:\apps\dn2\xlt\uni_rus.xlt
c:\apps\dn2\xlt\descript.ion
c:\apps\dn2\xlt\koi8-r.xlt
c:\apps\dn2\xlt\crazy1.xlt
c:\apps\dn2\xlt\win866r.xlt
c:\apps\dn2\xlt\ru441.xlt
c:\apps\dn2\xlt\sort866.xlt
C:\FDOS\appinfo\dn2.de
C:\FDOS\appinfo\dn2.fr
C:\FDOS\appinfo\dn2.tr
C:\FDOS\appinfo\dn2.lsm
