c:\util\dog\msdos.dog
c:\util\dog\dog2.ico
c:\util\dog\mv.com
c:\util\dog\ls.com
c:\util\dog\tp.com
c:\util\dog\dog.com
c:\util\dog\dog.ico
c:\util\dog\cl.com
c:\util\dog\br.com
c:\util\dog\bp.com
c:\util\dog\vf.com
c:\util\dog\cp.com
c:\util\dog\dog.dog
c:\util\dog\vr.com
c:\util\dog\which.com
c:\util\dog\head.com
c:\util\dog\sz.com
c:\util\dog\rm.com
c:\util\dog\help.com
c:\util\dog\dt.com
C:\FDOS\doc\dog\readme_x.txt
C:\FDOS\doc\dog\rn083b.txt
C:\FDOS\doc\dog\rn082b.txt
C:\FDOS\doc\dog\dog.htm
C:\FDOS\doc\dog\rn081b.txt
C:\FDOS\doc\dog\rn080b.txt
C:\FDOS\doc\dog\ggpl.txt
C:\FDOS\appinfo\dog.fr
C:\FDOS\appinfo\dog.tr
C:\FDOS\appinfo\dog.de
C:\FDOS\appinfo\dog.lsm
