c:\apps\elvis\ex.exe
c:\apps\elvis\data\elvis.msg
c:\apps\elvis\data\themes\sand.ex
c:\apps\elvis\data\themes\sand.xpm
c:\apps\elvis\data\elvis.pc8
c:\apps\elvis\data\elvis.spe
c:\apps\elvis\data\elvis.bro
c:\apps\elvis\data\elvis.brf
c:\apps\elvis\data\elvis.clr
c:\apps\elvis\data\scripts\find.ex
c:\apps\elvis\data\scripts\whois.ex
c:\apps\elvis\data\scripts\fontsize.ex
c:\apps\elvis\data\scripts\pig.ex
c:\apps\elvis\data\scripts\shade.ex
c:\apps\elvis\data\scripts\isearch.ex
c:\apps\elvis\data\scripts\sfb.ex
c:\apps\elvis\data\scripts\likevim.ex
c:\apps\elvis\data\scripts\life.ex
c:\apps\elvis\data\scripts\xbuf.ex
c:\apps\elvis\data\scripts\cursor.ex
c:\apps\elvis\data\scripts\match.ex
c:\apps\elvis\data\scripts\mailto.ex
c:\apps\elvis\data\scripts\decode.ex
c:\apps\elvis\data\scripts\info.ex
c:\apps\elvis\data\scripts\dict.ex
c:\apps\elvis\data\scripts\ellipse.ex
c:\apps\elvis\data\scripts\since.ex
c:\apps\elvis\data\scripts\define.ex
c:\apps\elvis\data\scripts\cb.ex
c:\apps\elvis\data\scripts\align.ex
c:\apps\elvis\data\scripts\show.ex
c:\apps\elvis\data\scripts\wc.ex
c:\apps\elvis\data\scripts\inregion.ex
c:\apps\elvis\data\scripts\info2.ex
c:\apps\elvis\data\scripts\tags.ex
c:\apps\elvis\data\scripts\augz.ex
c:\apps\elvis\data\scripts\makehtml.ex
c:\apps\elvis\data\scripts\rot13.ex
c:\apps\elvis\data\scripts\html.ex
c:\apps\elvis\data\scripts\reverse.ex
c:\apps\elvis\data\elvis.gla
c:\apps\elvis\data\icons\presley.xpm
c:\apps\elvis\data\icons\elvis1.xpm
c:\apps\elvis\data\icons\elvis2.xpm
c:\apps\elvis\data\icons\elvis3.xpm
c:\apps\elvis\data\icons\kde.xpm
c:\apps\elvis\data\icons\small.xpm
c:\apps\elvis\data\icons\mini.xpm
c:\apps\elvis\data\icons\normal.xpm
c:\apps\elvis\data\icons\elvis.xpm
c:\apps\elvis\data\elvis.arf
c:\apps\elvis\data\tags
c:\apps\elvis\data\elvis.x11
c:\apps\elvis\data\elvis.syn
c:\apps\elvis\data\elvis.bwf
c:\apps\elvis\data\elvis.gno
c:\apps\elvis\data\elvis.ps
c:\apps\elvis\data\elvis.ini
c:\apps\elvis\data\elvis.rc
c:\apps\elvis\data\elvis.ali
c:\apps\elvis\data\elvis.awf
c:\apps\elvis\data\elvis.lat
c:\apps\elvis\data\stubs\glibstub.c
c:\apps\elvis\data\stubs\xlibstub.c
c:\apps\elvis\data\stubs\unixstub.c
c:\apps\elvis\data\stubs\gdkstub.c
c:\apps\elvis\data\stubs\ansistub.c
c:\apps\elvis\data\stubs\xftstub.c
c:\apps\elvis\data\stubs\pthread.c
c:\apps\elvis\data\stubs\gtkstub.c
c:\apps\elvis\data\stubs\xpmstub.c
c:\apps\elvis\doc\elvisvi.htm
c:\apps\elvis\doc\elvtags.man
c:\apps\elvis\doc\elvistip.htm
c:\apps\elvis\doc\license.htm
c:\apps\elvis\doc\elvis.htm
c:\apps\elvis\doc\elvisopt.htm
c:\apps\elvis\doc\elvis.man
c:\apps\elvis\doc\doexec.txt
c:\apps\elvis\doc\elvisexp.htm
c:\apps\elvis\doc\elvisinp.htm
c:\apps\elvis\doc\howto.htm
c:\apps\elvis\doc\elvisdm.htm
c:\apps\elvis\doc\elvfmt.man
c:\apps\elvis\doc\ref.man
c:\apps\elvis\doc\fmt.man
c:\apps\elvis\doc\elvisre.htm
c:\apps\elvis\doc\elvisnet.htm
c:\apps\elvis\doc\elviscut.htm
c:\apps\elvis\doc\elvisses.htm
c:\apps\elvis\doc\elvisex.htm
c:\apps\elvis\doc\elvistag.htm
c:\apps\elvis\doc\bugs.txt
c:\apps\elvis\doc\elvisqr.htm
c:\apps\elvis\doc\elvisgui.htm
c:\apps\elvis\doc\ctags.man
c:\apps\elvis\doc\printdoc.bat
c:\apps\elvis\doc\elvisos.htm
c:\apps\elvis\doc\elvistrs.msg
c:\apps\elvis\doc\elvismsg.htm
c:\apps\elvis\copying
c:\apps\elvis\vi.exe
c:\apps\elvis\ctags.exe
c:\apps\elvis\readme.htm
c:\apps\elvis\bugs
c:\apps\elvis\ref.exe
c:\apps\elvis\fmt.exe
c:\apps\elvis\elvis.exe
c:\apps\elvis\view.exe
C:\FDOS\appinfo\elvis.lsm
C:\FDOS\appinfo\elvis.de
C:\FDOS\appinfo\elvis.tr
C:\FDOS\appinfo\elvis.fr
