C:\FDOS\help\fdisk.tr
C:\FDOS\help\fdisk.en
C:\FDOS\help\fdisk.fr
C:\FDOS\doc\fdisk\filelist.txt
C:\FDOS\doc\fdisk\license.txt
C:\FDOS\doc\fdisk\help.txt
C:\FDOS\doc\fdisk\history.txt
C:\FDOS\doc\fdisk\readme.txt
C:\FDOS\doc\fdisk\contrib.txt
C:\FDOS\doc\fdisk\faq.txt
C:\FDOS\doc\fdisk\bloader.txt
C:\FDOS\doc\fdisk\bugs.txt
C:\FDOS\doc\fdisk\install.txt
C:\FDOS\doc\fdisk\news.txt
C:\FDOS\doc\fdisk\partn.htm
C:\FDOS\doc\fdisk\partn.txt
C:\FDOS\bin\fdiskpt.ini
C:\FDOS\bin\fdisk.ini
C:\FDOS\bin\fdisk.exe
C:\FDOS\appinfo\fdisk.tr
C:\FDOS\appinfo\fdisk.fr
C:\FDOS\appinfo\fdisk.de
C:\FDOS\appinfo\fdisk.lsm
