C:\FDOS\nls\find.it
C:\FDOS\nls\find.lv
C:\FDOS\nls\find.ru
C:\FDOS\nls\find.sv
C:\FDOS\nls\find.pl
C:\FDOS\nls\find.sl
C:\FDOS\nls\find.en
C:\FDOS\nls\find.es
C:\FDOS\nls\find.fr
C:\FDOS\nls\find.tr
C:\FDOS\nls\find.pt
C:\FDOS\nls\find.dk
C:\FDOS\nls\find.de
C:\FDOS\nls\find.nl
C:\FDOS\nls\find.hu
C:\FDOS\doc\find\news
C:\FDOS\doc\find\copying
C:\FDOS\doc\find\readme
C:\FDOS\doc\find\bugs
C:\FDOS\doc\find\install
C:\FDOS\bin\find.com
C:\FDOS\appinfo\find.lsm
C:\FDOS\appinfo\find.fr
C:\FDOS\appinfo\find.tr
C:\FDOS\appinfo\find.de
