c:\games\fmines\license.txt
c:\games\fmines\fmines.cfg
c:\games\fmines\insects\image.dat
c:\games\fmines\insects\back.dat
c:\games\fmines\insects\menu.dat
c:\games\fmines\insects\credits.txt
c:\games\fmines\insects\mine201.dat
c:\games\fmines\insects\mine000.dat
c:\games\fmines\insects\mine202.dat
c:\games\fmines\insects\mine302.dat
c:\games\fmines\insects\mine101.dat
c:\games\fmines\insects\mine303.dat
c:\games\fmines\insects\mine301.dat
c:\games\fmines\insects\mine102.dat
c:\games\fmines\animals\image.dat
c:\games\fmines\animals\back.dat
c:\games\fmines\animals\menu.dat
c:\games\fmines\animals\credits.txt
c:\games\fmines\animals\mine204.dat
c:\games\fmines\animals\mine201.dat
c:\games\fmines\animals\mine000.dat
c:\games\fmines\animals\mine202.dat
c:\games\fmines\animals\mine203.dat
c:\games\fmines\animals\mine304.dat
c:\games\fmines\animals\mine305.dat
c:\games\fmines\animals\mine302.dat
c:\games\fmines\animals\mine101.dat
c:\games\fmines\animals\mine303.dat
c:\games\fmines\animals\mine301.dat
c:\games\fmines\animals\mine103.dat
c:\games\fmines\animals\mine102.dat
c:\games\fmines\fmines.txt
c:\games\fmines\fmines.exe
c:\games\fmines\fmines.ico
C:\FDOS\appinfo\fmines.de
C:\FDOS\appinfo\fmines.lsm
C:\FDOS\appinfo\fmines.fr
C:\FDOS\appinfo\fmines.tr
