c:\apps\emacs\_registe.min
c:\apps\emacs\user.min
c:\apps\emacs\rmail.min
c:\apps\emacs\_paras.min
c:\apps\emacs\_compile.min
c:\apps\emacs\fortran.min
c:\apps\emacs\grep.min
c:\apps\emacs\_keys.min
c:\apps\emacs\dired.min
c:\apps\emacs\lisp.min
c:\apps\emacs\_modes.min
c:\apps\emacs\_case.min
c:\apps\emacs\keys.min
c:\apps\emacs\_move.min
c:\apps\emacs\abbrev2.min
c:\apps\emacs\_file.min
c:\apps\emacs\abbrev3.min
c:\apps\emacs\_input.min
c:\apps\emacs\_utils.min
c:\apps\emacs\abbrev1.min
c:\apps\emacs\_rectang.min
c:\apps\emacs\_kbdmacr.min
c:\apps\emacs\_indent.min
c:\apps\emacs\asm.min
c:\apps\emacs\info.min
c:\apps\emacs\_searche.min
c:\apps\emacs\_buffers.min
c:\apps\emacs\copying.doc
c:\apps\emacs\_help.min
c:\apps\emacs\_transpo.min
c:\apps\emacs\_windows.min
c:\apps\emacs\c.min
c:\apps\emacs\_kills.min
c:\apps\emacs\boot.min
c:\apps\emacs\_unclass.min
c:\apps\emacs\readme.doc
c:\apps\emacs\_variabl.min
c:\apps\emacs\emacs.exe
c:\apps\emacs\_history.min
c:\apps\emacs\dabbrev.min
c:\apps\emacs\mouse.min
c:\apps\emacs\bytec.min
c:\apps\emacs\minted.min
c:\apps\emacs\_startup.min
c:\apps\emacs\freemode.min
c:\apps\emacs\abbrev.min
c:\apps\emacs\readme.1st
C:\FDOS\doc\emacs\speller.doc
C:\FDOS\doc\emacs\tutorial.doc
C:\FDOS\doc\emacs\manifest.doc
C:\FDOS\doc\emacs\customiz.doc
C:\FDOS\doc\emacs\twopage.doc
C:\FDOS\doc\emacs\copying.doc
C:\FDOS\doc\emacs\emacs.doc
C:\FDOS\doc\emacs\readme.doc
C:\FDOS\doc\emacs\minttut.doc
C:\FDOS\doc\emacs\howtoget.it
C:\FDOS\doc\emacs\changes.doc
C:\FDOS\appinfo\freemacs.de
C:\FDOS\appinfo\freemacs.fr
C:\FDOS\appinfo\freemacs.tr
C:\FDOS\appinfo\freemacs.lsm
