c:\util\gnufonts\computer.fnt
c:\util\gnufonts\lcd.fnt
c:\util\gnufonts\eurotype.fnt
c:\util\gnufonts\rev8x8.fnt
c:\util\gnufonts\8x10.fnt
c:\util\gnufonts\inverted.fnt
c:\util\gnufonts\8x14.fnt
c:\util\gnufonts\norway.fnt
c:\util\gnufonts\8x11snsf.fnt
c:\util\gnufonts\fat.fnt
c:\util\gnufonts\antique.fnt
c:\util\gnufonts\hearst.fnt
c:\util\gnufonts\scott.fnt
c:\util\gnufonts\backward.fnt
c:\util\gnufonts\thai.fnt
c:\util\gnufonts\breeze.fnt
c:\util\gnufonts\roman-1.fnt
c:\util\gnufonts\kids-2.fnt
c:\util\gnufonts\silver.fnt
c:\util\gnufonts\script.fnt
c:\util\gnufonts\sansurf.fnt
c:\util\gnufonts\roman-2.fnt
c:\util\gnufonts\kids-1.fnt
c:\util\gnufonts\block.fnt
c:\util\gnufonts\deco.fnt
c:\util\gnufonts\futura-2.fnt
c:\util\gnufonts\italics.fnt
c:\util\gnufonts\france.fnt
c:\util\gnufonts\hebrew.fnt
c:\util\gnufonts\futura-1.fnt
c:\util\gnufonts\greek.fnt
c:\util\gnufonts\stretch.fnt
c:\util\gnufonts\reverse.fnt
c:\util\gnufonts\super.fnt
c:\util\gnufonts\tekton.fnt
c:\util\gnufonts\modern-2.fnt
c:\util\gnufonts\empty.fnt
c:\util\gnufonts\8x8.fnt
c:\util\gnufonts\sanserif.fnt
c:\util\gnufonts\modern-1.fnt
c:\util\gnufonts\bigserif.fnt
c:\util\gnufonts\finnish.fnt
c:\util\gnufonts\broadway.fnt
c:\util\gnufonts\courier.fnt
c:\util\gnufonts\blcksnsf.fnt
c:\util\gnufonts\archon.fnt
c:\util\gnufonts\fresno.fnt
c:\util\gnufonts\bold.fnt
c:\util\gnufonts\thin.fnt
c:\util\gnufonts\standard.fnt
c:\util\gnufonts\swiss-1.fnt
c:\util\gnufonts\hylas.fnt
c:\util\gnufonts\cyrillic.fnt
c:\util\gnufonts\surreal.fnt
c:\util\gnufonts\swiss-2.fnt
c:\util\gnufonts\swiss-3.fnt
c:\util\gnufonts\flat.fnt
c:\util\gnufonts\medieval.fnt
C:\FDOS\appinfo\gnufonts.lsm
C:\FDOS\appinfo\gnufonts.tr
C:\FDOS\appinfo\gnufonts.fr
C:\FDOS\appinfo\gnufonts.de
