c:\games\hangman\hangman.txt
c:\games\hangman\hu_base.voc
c:\games\hangman\en_animl.voc
c:\games\hangman\nl_base.voc
c:\games\hangman\pl_imion.voc
c:\games\hangman\en_colrs.voc
c:\games\hangman\en_lotr.voc
c:\games\hangman\hangman.cfg
c:\games\hangman\pl_base.voc
c:\games\hangman\en_nes.voc
c:\games\hangman\fr_base.voc
c:\games\hangman\licence.txt
c:\games\hangman\de_base.voc
c:\games\hangman\en_citie.voc
c:\games\hangman\fr_pays.voc
c:\games\hangman\en_comps.voc
c:\games\hangman\en_base.voc
c:\games\hangman\hangman.exe
c:\games\hangman\en_norse.voc
c:\games\hangman\en_stats.voc
C:\FDOS\appinfo\hangman.de
C:\FDOS\appinfo\hangman.fr
C:\FDOS\appinfo\hangman.tr
C:\FDOS\appinfo\hangman.lsm
