C:\FDOS\drivers\hiram\xmem.exe
C:\FDOS\drivers\hiram\bestell.csl
C:\FDOS\drivers\hiram\umcauto.scr
C:\FDOS\drivers\hiram\sis461.scr
C:\FDOS\drivers\hiram\makhiset.exe
C:\FDOS\drivers\hiram\hiram.txt
C:\FDOS\drivers\hiram\opti493.scr
C:\FDOS\drivers\hiram\sis411.scr
C:\FDOS\drivers\hiram\sis401.scr
C:\FDOS\drivers\hiram\opti482.scr
C:\FDOS\drivers\hiram\hifiles.exe
C:\FDOS\drivers\hiram\hiload.com
C:\FDOS\drivers\hiram\copyrite.txt
C:\FDOS\drivers\hiram\hiram.exe
C:\FDOS\drivers\hiram\info.txt
C:\FDOS\drivers\hiram\read1st.txt
C:\FDOS\drivers\hiram\makhiset.txt
C:\FDOS\drivers\hiram\hilfmir.com
C:\FDOS\drivers\hiram\pcchips.scr
C:\FDOS\appinfo\hiram.lsm
C:\FDOS\appinfo\hiram.fr
C:\FDOS\appinfo\hiram.tr
C:\FDOS\appinfo\hiram.de
