C:\FDOS\nls\htmlhelp.de
C:\FDOS\nls\htmlhelp.nl
C:\FDOS\nls\htmlhelp.es
C:\FDOS\nls\htmlhelp.fr
C:\FDOS\nls\htmlhelp.en
C:\FDOS\nls\htmlhelp.tr
C:\FDOS\nls\htmlhelp.sl
C:\FDOS\nls\htmlhelp.sk
C:\FDOS\nls\htmlhelp.sv
C:\FDOS\nls\htmlhelp.us
C:\FDOS\nls\htmlhelp.pl
C:\FDOS\nls\htmlhelp.it
C:\FDOS\help\hist-de.htm
C:\FDOS\help\fdl.txt
C:\FDOS\help\docinfo\bi\nls\help\de.bi
C:\FDOS\help\docinfo\bi\nls\help\fr.bi
C:\FDOS\help\docinfo\bi\nls\help\en.bi
C:\FDOS\help\docinfo\bi\nls\help\it.bi
C:\FDOS\help\docinfo\bi\nls\help\es.bi
C:\FDOS\help\docinfo\bi\nls\index\de.bi
C:\FDOS\help\docinfo\bi\nls\index\fr.bi
C:\FDOS\help\docinfo\bi\nls\index\en.bi
C:\FDOS\help\docinfo\bi\nls\index\it.bi
C:\FDOS\help\docinfo\bi\nls\index\es.bi
C:\FDOS\help\en\help.htm
C:\FDOS\help\en\read-en.1st
C:\FDOS\help\en\index.htm
C:\FDOS\help\en\hhstndrd\hhstndrd.zip
C:\FDOS\help\hist-es.htm
C:\FDOS\help\es\help.htm
C:\FDOS\help\es\index.htm
C:\FDOS\help\es\hhstndrd\hhstndrd.zip
C:\FDOS\help\es\read-es.1st
C:\FDOS\help\fr\help.htm
C:\FDOS\help\fr\read-fr.1st
C:\FDOS\help\fr\index.htm
C:\FDOS\help\fr\hhstndrd\hhstndrd.zip
C:\FDOS\help\de\help.htm
C:\FDOS\help\de\read-de.1st
C:\FDOS\help\de\index.htm
C:\FDOS\help\de\hhstndrd\hhstndrd.zip
C:\FDOS\help\read-fr.1st
C:\FDOS\help\read-en.1st
C:\FDOS\help\read-de.1st
C:\FDOS\help\index.htm
C:\FDOS\help\read-es.1st
C:\FDOS\help\hist-fr.htm
C:\FDOS\help\hist-en.htm
C:\FDOS\doc\help\history
C:\FDOS\doc\help\copying
C:\FDOS\doc\help\readme
C:\FDOS\doc\help\bugs
C:\FDOS\bin\htmlhelp.exe
C:\FDOS\bin\bookshlf.exe
C:\FDOS\appinfo\htmlhelp.lsm
