c:\games\ivan\graphics\cursor.pcx
c:\games\ivan\graphics\fow.pcx
c:\games\ivan\graphics\icon.bmp
c:\games\ivan\graphics\effect.pcx
c:\games\ivan\graphics\wterra.pcx
c:\games\ivan\graphics\glterra.pcx
c:\games\ivan\graphics\menu.pcx
c:\games\ivan\graphics\olterra.pcx
c:\games\ivan\graphics\font.pcx
c:\games\ivan\graphics\item.pcx
c:\games\ivan\graphics\char.pcx
c:\games\ivan\graphics\symbol.pcx
c:\games\ivan\graphics\humanoid.pcx
c:\games\ivan\licensin
c:\games\ivan\news
c:\games\ivan\copying
c:\games\ivan\ivan.exe
c:\games\ivan\script\char.dat
c:\games\ivan\script\define.dat
c:\games\ivan\script\dungeon.dat
c:\games\ivan\script\olterra.dat
c:\games\ivan\script\item.dat
c:\games\ivan\script\glterra.dat
c:\games\ivan\script\material.dat
c:\games\ivan\readme
c:\games\ivan\cwsdpmi.doc
c:\games\ivan\changelo
c:\games\ivan\authors
c:\games\ivan\cwsdpmi.exe
C:\FDOS\appinfo\ivan.de
C:\FDOS\appinfo\ivan.fr
C:\FDOS\appinfo\ivan.lsm
C:\FDOS\appinfo\ivan.tr
