c:\games\kraptor\level9.dat
c:\games\kraptor\level8.dat
c:\games\kraptor\level10.dat
c:\games\kraptor\cinem05.dat
c:\games\kraptor\cinem04.dat
c:\games\kraptor\cinem10.dat
c:\games\kraptor\cinem06.dat
c:\games\kraptor\kraptor.exe
c:\games\kraptor\cinem07.dat
c:\games\kraptor\allegro.cfg
c:\games\kraptor\cinem03.dat
c:\games\kraptor\cinem02.dat
c:\games\kraptor\language.dat
c:\games\kraptor\ia.dat
c:\games\kraptor\gameover.dat
c:\games\kraptor\krapmain.dat
c:\games\kraptor\intro.dat
c:\games\kraptor\cinem09.dat
c:\games\kraptor\cinem08.dat
c:\games\kraptor\level1.dat
c:\games\kraptor\final.dat
c:\games\kraptor\level3.dat
c:\games\kraptor\level2.dat
c:\games\kraptor\krapmnu.dat
c:\games\kraptor\level6.dat
c:\games\kraptor\keyboard.dat
c:\games\kraptor\level7.dat
c:\games\kraptor\level5.dat
c:\games\kraptor\kraptor.cfg
c:\games\kraptor\level4.dat
C:\FDOS\appinfo\kraptor.de
C:\FDOS\appinfo\kraptor.tr
C:\FDOS\appinfo\kraptor.fr
C:\FDOS\appinfo\kraptor.lsm
