c:\games\liquiwar\readmedk.txt
c:\games\liquiwar\data\lw.dat
c:\games\liquiwar\custom\texture\rust.bmp
c:\games\liquiwar\custom\texture\clovers.bmp
c:\games\liquiwar\custom\texture\warning.bmp
c:\games\liquiwar\custom\texture\bluesq.bmp
c:\games\liquiwar\custom\texture\meditate.bmp
c:\games\liquiwar\custom\map\paille.bmp
c:\games\liquiwar\custom\map\t4.bmp
c:\games\liquiwar\custom\map\pacman.bmp
c:\games\liquiwar\custom\map\meditate.bmp
c:\games\liquiwar\custom\music\colossus.mid
c:\games\liquiwar\license.txt
c:\games\liquiwar\readmefr.txt
c:\games\liquiwar\readme.txt
c:\games\liquiwar\doc\txt\options.txt
c:\games\liquiwar\doc\txt\paramete.txt
c:\games\liquiwar\doc\txt\wip.txt
c:\games\liquiwar\doc\txt\authors.txt
c:\games\liquiwar\doc\txt\algorith.txt
c:\games\liquiwar\doc\txt\userleve.txt
c:\games\liquiwar\doc\txt\network.txt
c:\games\liquiwar\doc\txt\source.txt
c:\games\liquiwar\doc\txt\bugs.txt
c:\games\liquiwar\doc\txt\rules.txt
c:\games\liquiwar\doc\txt\mailingl.txt
c:\games\liquiwar\doc\txt\fanfic.txt
c:\games\liquiwar\doc\txt\todo.txt
c:\games\liquiwar\doc\txt\platform.txt
c:\games\liquiwar\doc\txt\copying.txt
c:\games\liquiwar\lw.ico
c:\games\liquiwar\changes.txt
c:\games\liquiwar\lwdos.exe
c:\games\liquiwar\cwsdpmi.exe
c:\games\liquiwar\readmede.txt
c:\games\liquiwar\lwdosmap.exe
C:\FDOS\appinfo\liquiwar.de
C:\FDOS\appinfo\liquiwar.lsm
C:\FDOS\appinfo\liquiwar.tr
C:\FDOS\appinfo\liquiwar.fr
