c:\apps\mbedit\mbedit.pif
c:\apps\mbedit\mbedit.mac
c:\apps\mbedit\mbedit.syn
c:\apps\mbedit\doc_html\deutsch\mb_c1_d.htm
c:\apps\mbedit\doc_html\deutsch\mb_m5_d.htm
c:\apps\mbedit\doc_html\deutsch\mb_m7_d.htm
c:\apps\mbedit\doc_html\deutsch\mb_c3_d.htm
c:\apps\mbedit\doc_html\deutsch\mb_m6h_d.htm
c:\apps\mbedit\doc_html\deutsch\mb_c7_d.htm
c:\apps\mbedit\doc_html\deutsch\mb_c10_d.htm
c:\apps\mbedit\doc_html\deutsch\mb_m3_d.htm
c:\apps\mbedit\doc_html\deutsch\mb_m1_d.htm
c:\apps\mbedit\doc_html\deutsch\mb_c5_d.htm
c:\apps\mbedit\doc_html\deutsch\mb_m6_d.htm
c:\apps\mbedit\doc_html\deutsch\mb_c2_d.htm
c:\apps\mbedit\doc_html\deutsch\mb_c0_d.htm
c:\apps\mbedit\doc_html\deutsch\mb_m4_d.htm
c:\apps\mbedit\doc_html\deutsch\mb_m0_d.htm
c:\apps\mbedit\doc_html\deutsch\mb_c4_d.htm
c:\apps\mbedit\doc_html\deutsch\mb_c11_d.htm
c:\apps\mbedit\doc_html\deutsch\mb_c6_d.htm
c:\apps\mbedit\doc_html\deutsch\mb_m2_d.htm
c:\apps\mbedit\doc_html\deutsch\mb_aa_d.htm
c:\apps\mbedit\doc_html\deutsch\mb_ma_d.htm
c:\apps\mbedit\doc_html\deutsch\mb_c8_d.htm
c:\apps\mbedit\doc_html\deutsch\mb_mc_d.htm
c:\apps\mbedit\doc_html\deutsch\mb_ac_d.htm
c:\apps\mbedit\doc_html\deutsch\mb_m8_d.htm
c:\apps\mbedit\doc_html\deutsch\mb_m10_d.htm
c:\apps\mbedit\doc_html\deutsch\mb_ae_d.htm
c:\apps\mbedit\doc_html\deutsch\mb_men_d.htm
c:\apps\mbedit\doc_html\deutsch\mb_me_d.htm
c:\apps\mbedit\doc_html\deutsch\mb_c9_d.htm
c:\apps\mbedit\doc_html\deutsch\mb_m6y_d.htm
c:\apps\mbedit\doc_html\deutsch\mb_ab_d.htm
c:\apps\mbedit\doc_html\deutsch\mb_mb_d.htm
c:\apps\mbedit\doc_html\deutsch\mb_md_d.htm
c:\apps\mbedit\doc_html\deutsch\mb_ad_d.htm
c:\apps\mbedit\doc_html\deutsch\mb_m9_d.htm
c:\apps\mbedit\doc_html\deutsch\mb_m11_d.htm
c:\apps\mbedit\doc_html\mb_logo.gif
c:\apps\mbedit\doc_html\semigraf.gif
c:\apps\mbedit\doc_html\english\mb_m5_e.htm
c:\apps\mbedit\doc_html\english\mb_c1_e.htm
c:\apps\mbedit\doc_html\english\mb_m6h_e.htm
c:\apps\mbedit\doc_html\english\mb_c3_e.htm
c:\apps\mbedit\doc_html\english\mb_m7_e.htm
c:\apps\mbedit\doc_html\english\mb_m3_e.htm
c:\apps\mbedit\doc_html\english\mb_c10_e.htm
c:\apps\mbedit\doc_html\english\mb_c7_e.htm
c:\apps\mbedit\doc_html\english\mb_c5_e.htm
c:\apps\mbedit\doc_html\english\mb_m1_e.htm
c:\apps\mbedit\doc_html\english\mb_c2_e.htm
c:\apps\mbedit\doc_html\english\mb_m6_e.htm
c:\apps\mbedit\doc_html\english\mb_m4_e.htm
c:\apps\mbedit\doc_html\english\mb_c0_e.htm
c:\apps\mbedit\doc_html\english\mb_c4_e.htm
c:\apps\mbedit\doc_html\english\mb_m0_e.htm
c:\apps\mbedit\doc_html\english\mb_m2_e.htm
c:\apps\mbedit\doc_html\english\mb_c6_e.htm
c:\apps\mbedit\doc_html\english\mb_c11_e.htm
c:\apps\mbedit\doc_html\english\mb_ma_e.htm
c:\apps\mbedit\doc_html\english\mb_aa_e.htm
c:\apps\mbedit\doc_html\english\mb_ac_e.htm
c:\apps\mbedit\doc_html\english\mb_mc_e.htm
c:\apps\mbedit\doc_html\english\mb_c8_e.htm
c:\apps\mbedit\doc_html\english\mb_m10_e.htm
c:\apps\mbedit\doc_html\english\mb_m8_e.htm
c:\apps\mbedit\doc_html\english\mb_me_e.htm
c:\apps\mbedit\doc_html\english\mb_men_e.htm
c:\apps\mbedit\doc_html\english\mb_ae_e.htm
c:\apps\mbedit\doc_html\english\mb_mb_e.htm
c:\apps\mbedit\doc_html\english\mb_ab_e.htm
c:\apps\mbedit\doc_html\english\mb_m6y_e.htm
c:\apps\mbedit\doc_html\english\mb_c9_e.htm
c:\apps\mbedit\doc_html\english\mb_ad_e.htm
c:\apps\mbedit\doc_html\english\mb_md_e.htm
c:\apps\mbedit\doc_html\english\mb_m11_e.htm
c:\apps\mbedit\doc_html\english\mb_m9_e.htm
c:\apps\mbedit\doc_html\email.gif
c:\apps\mbedit\doc_html\readme
c:\apps\mbedit\doc_html\modes_3.gif
c:\apps\mbedit\doc_html\mbedit.mac
c:\apps\mbedit\doc_html\syntax.htm
c:\apps\mbedit\doc_html\wallpapr.jpg
c:\apps\mbedit\doc_html\mbedit.syn
c:\apps\mbedit\doc_html\index.htm
c:\apps\mbedit\doc_html\flagd.gif
c:\apps\mbedit\doc_html\flage.gif
c:\apps\mbedit\doc_html\hex_edit.gif
c:\apps\mbedit\doc_html\modify.txt
c:\apps\mbedit\doc_html\favicon.ico
c:\apps\mbedit\mbedit.exe
c:\apps\mbedit\mbedit.ico
C:\FDOS\appinfo\mbedit.tr
C:\FDOS\appinfo\mbedit.fr
C:\FDOS\appinfo\mbedit.de
C:\FDOS\appinfo\mbedit.lsm
