c:\games\mirmagic\cwsdpmi.txt
c:\games\mirmagic\credits
c:\games\mirmagic\graphics\icon.xbm
c:\games\mirmagic\graphics\screen.pcx
c:\games\mirmagic\graphics\font3.pcx
c:\games\mirmagic\graphics\font2.pcx
c:\games\mirmagic\graphics\font.pcx
c:\games\mirmagic\graphics\mouse.pcx
c:\games\mirmagic\graphics\iconmask.xbm
c:\games\mirmagic\graphics\toons.pcx
c:\games\mirmagic\graphics\df.pcx
c:\games\mirmagic\graphics\door.pcx
c:\games\mirmagic\levels\classic_\classic_.000\058.lvl
c:\games\mirmagic\levels\classic_\classic_.000\059.lvl
c:\games\mirmagic\levels\classic_\classic_.000\049.lvl
c:\games\mirmagic\levels\classic_\classic_.000\060.lvl
c:\games\mirmagic\levels\classic_\classic_.000\048.lvl
c:\games\mirmagic\levels\classic_\classic_.000\010.lvl
c:\games\mirmagic\levels\classic_\classic_.000\004.lvl
c:\games\mirmagic\levels\classic_\classic_.000\038.lvl
c:\games\mirmagic\levels\classic_\classic_.000\039.lvl
c:\games\mirmagic\levels\classic_\classic_.000\005.lvl
c:\games\mirmagic\levels\classic_\classic_.000\011.lvl
c:\games\mirmagic\levels\classic_\classic_.000\007.lvl
c:\games\mirmagic\levels\classic_\classic_.000\013.lvl
c:\games\mirmagic\levels\classic_\classic_.000\012.lvl
c:\games\mirmagic\levels\classic_\classic_.000\006.lvl
c:\games\mirmagic\levels\classic_\classic_.000\002.lvl
c:\games\mirmagic\levels\classic_\classic_.000\016.lvl
c:\games\mirmagic\levels\classic_\classic_.000\017.lvl
c:\games\mirmagic\levels\classic_\classic_.000\003.lvl
c:\games\mirmagic\levels\classic_\classic_.000\029.lvl
c:\games\mirmagic\levels\classic_\classic_.000\015.lvl
c:\games\mirmagic\levels\classic_\classic_.000\001.lvl
c:\games\mirmagic\levels\classic_\classic_.000\014.lvl
c:\games\mirmagic\levels\classic_\classic_.000\028.lvl
c:\games\mirmagic\levels\classic_\classic_.000\031.lvl
c:\games\mirmagic\levels\classic_\classic_.000\025.lvl
c:\games\mirmagic\levels\classic_\classic_.000\019.lvl
c:\games\mirmagic\levels\classic_\classic_.000\018.lvl
c:\games\mirmagic\levels\classic_\classic_.000\024.lvl
c:\games\mirmagic\levels\classic_\classic_.000\030.lvl
c:\games\mirmagic\levels\classic_\classic_.000\026.lvl
c:\games\mirmagic\levels\classic_\classic_.000\032.lvl
c:\games\mirmagic\levels\classic_\classic_.000\033.lvl
c:\games\mirmagic\levels\classic_\classic_.000\027.lvl
c:\games\mirmagic\levels\classic_\classic_.000\023.lvl
c:\games\mirmagic\levels\classic_\classic_.000\037.lvl
c:\games\mirmagic\levels\classic_\classic_.000\036.lvl
c:\games\mirmagic\levels\classic_\classic_.000\022.lvl
c:\games\mirmagic\levels\classic_\classic_.000\008.lvl
c:\games\mirmagic\levels\classic_\classic_.000\034.lvl
c:\games\mirmagic\levels\classic_\classic_.000\020.lvl
c:\games\mirmagic\levels\classic_\classic_.000\021.lvl
c:\games\mirmagic\levels\classic_\classic_.000\035.lvl
c:\games\mirmagic\levels\classic_\classic_.000\009.lvl
c:\games\mirmagic\levels\classic_\classic_.000\lvlinfo.cnf
c:\games\mirmagic\levels\classic_\classic_.000\052.lvl
c:\games\mirmagic\levels\classic_\classic_.000\046.lvl
c:\games\mirmagic\levels\classic_\classic_.000\047.lvl
c:\games\mirmagic\levels\classic_\classic_.000\053.lvl
c:\games\mirmagic\levels\classic_\classic_.000\045.lvl
c:\games\mirmagic\levels\classic_\classic_.000\051.lvl
c:\games\mirmagic\levels\classic_\classic_.000\050.lvl
c:\games\mirmagic\levels\classic_\classic_.000\044.lvl
c:\games\mirmagic\levels\classic_\classic_.000\040.lvl
c:\games\mirmagic\levels\classic_\classic_.000\054.lvl
c:\games\mirmagic\levels\classic_\classic_.000\055.lvl
c:\games\mirmagic\levels\classic_\classic_.000\041.lvl
c:\games\mirmagic\levels\classic_\classic_.000\057.lvl
c:\games\mirmagic\levels\classic_\classic_.000\043.lvl
c:\games\mirmagic\levels\classic_\classic_.000\042.lvl
c:\games\mirmagic\levels\classic_\classic_.000\056.lvl
c:\games\mirmagic\levels\classic_\lvlinfo.cnf
c:\games\mirmagic\levels\classic_\classic_\098.lvl
c:\games\mirmagic\levels\classic_\classic_\073.lvl
c:\games\mirmagic\levels\classic_\classic_\067.lvl
c:\games\mirmagic\levels\classic_\classic_\066.lvl
c:\games\mirmagic\levels\classic_\classic_\072.lvl
c:\games\mirmagic\levels\classic_\classic_\099.lvl
c:\games\mirmagic\levels\classic_\classic_\064.lvl
c:\games\mirmagic\levels\classic_\classic_\070.lvl
c:\games\mirmagic\levels\classic_\classic_\058.lvl
c:\games\mirmagic\levels\classic_\classic_\059.lvl
c:\games\mirmagic\levels\classic_\classic_\071.lvl
c:\games\mirmagic\levels\classic_\classic_\065.lvl
c:\games\mirmagic\levels\classic_\classic_\049.lvl
c:\games\mirmagic\levels\classic_\classic_\061.lvl
c:\games\mirmagic\levels\classic_\classic_\075.lvl
c:\games\mirmagic\levels\classic_\classic_\074.lvl
c:\games\mirmagic\levels\classic_\classic_\060.lvl
c:\games\mirmagic\levels\classic_\classic_\048.lvl
c:\games\mirmagic\levels\classic_\classic_\089.lvl
c:\games\mirmagic\levels\classic_\classic_\076.lvl
c:\games\mirmagic\levels\classic_\classic_\062.lvl
c:\games\mirmagic\levels\classic_\classic_\063.lvl
c:\games\mirmagic\levels\classic_\classic_\077.lvl
c:\games\mirmagic\levels\classic_\classic_\088.lvl
c:\games\mirmagic\levels\classic_\classic_\010.lvl
c:\games\mirmagic\levels\classic_\classic_\004.lvl
c:\games\mirmagic\levels\classic_\classic_\038.lvl
c:\games\mirmagic\levels\classic_\classic_\039.lvl
c:\games\mirmagic\levels\classic_\classic_\005.lvl
c:\games\mirmagic\levels\classic_\classic_\011.lvl
c:\games\mirmagic\levels\classic_\classic_\007.lvl
c:\games\mirmagic\levels\classic_\classic_\013.lvl
c:\games\mirmagic\levels\classic_\classic_\012.lvl
c:\games\mirmagic\levels\classic_\classic_\006.lvl
c:\games\mirmagic\levels\classic_\classic_\002.lvl
c:\games\mirmagic\levels\classic_\classic_\016.lvl
c:\games\mirmagic\levels\classic_\classic_\017.lvl
c:\games\mirmagic\levels\classic_\classic_\003.lvl
c:\games\mirmagic\levels\classic_\classic_\029.lvl
c:\games\mirmagic\levels\classic_\classic_\015.lvl
c:\games\mirmagic\levels\classic_\classic_\001.lvl
c:\games\mirmagic\levels\classic_\classic_\000.lvl
c:\games\mirmagic\levels\classic_\classic_\014.lvl
c:\games\mirmagic\levels\classic_\classic_\028.lvl
c:\games\mirmagic\levels\classic_\classic_\031.lvl
c:\games\mirmagic\levels\classic_\classic_\025.lvl
c:\games\mirmagic\levels\classic_\classic_\019.lvl
c:\games\mirmagic\levels\classic_\classic_\018.lvl
c:\games\mirmagic\levels\classic_\classic_\024.lvl
c:\games\mirmagic\levels\classic_\classic_\030.lvl
c:\games\mirmagic\levels\classic_\classic_\026.lvl
c:\games\mirmagic\levels\classic_\classic_\032.lvl
c:\games\mirmagic\levels\classic_\classic_\033.lvl
c:\games\mirmagic\levels\classic_\classic_\027.lvl
c:\games\mirmagic\levels\classic_\classic_\023.lvl
c:\games\mirmagic\levels\classic_\classic_\037.lvl
c:\games\mirmagic\levels\classic_\classic_\036.lvl
c:\games\mirmagic\levels\classic_\classic_\022.lvl
c:\games\mirmagic\levels\classic_\classic_\008.lvl
c:\games\mirmagic\levels\classic_\classic_\034.lvl
c:\games\mirmagic\levels\classic_\classic_\020.lvl
c:\games\mirmagic\levels\classic_\classic_\021.lvl
c:\games\mirmagic\levels\classic_\classic_\035.lvl
c:\games\mirmagic\levels\classic_\classic_\009.lvl
c:\games\mirmagic\levels\classic_\classic_\lvlinfo.cnf
c:\games\mirmagic\levels\classic_\classic_\091.lvl
c:\games\mirmagic\levels\classic_\classic_\085.lvl
c:\games\mirmagic\levels\classic_\classic_\052.lvl
c:\games\mirmagic\levels\classic_\classic_\046.lvl
c:\games\mirmagic\levels\classic_\classic_\047.lvl
c:\games\mirmagic\levels\classic_\classic_\053.lvl
c:\games\mirmagic\levels\classic_\classic_\084.lvl
c:\games\mirmagic\levels\classic_\classic_\090.lvl
c:\games\mirmagic\levels\classic_\classic_\086.lvl
c:\games\mirmagic\levels\classic_\classic_\092.lvl
c:\games\mirmagic\levels\classic_\classic_\045.lvl
c:\games\mirmagic\levels\classic_\classic_\051.lvl
c:\games\mirmagic\levels\classic_\classic_\079.lvl
c:\games\mirmagic\levels\classic_\classic_\078.lvl
c:\games\mirmagic\levels\classic_\classic_\050.lvl
c:\games\mirmagic\levels\classic_\classic_\044.lvl
c:\games\mirmagic\levels\classic_\classic_\093.lvl
c:\games\mirmagic\levels\classic_\classic_\087.lvl
c:\games\mirmagic\levels\classic_\classic_\083.lvl
c:\games\mirmagic\levels\classic_\classic_\097.lvl
c:\games\mirmagic\levels\classic_\classic_\068.lvl
c:\games\mirmagic\levels\classic_\classic_\040.lvl
c:\games\mirmagic\levels\classic_\classic_\054.lvl
c:\games\mirmagic\levels\classic_\classic_\055.lvl
c:\games\mirmagic\levels\classic_\classic_\041.lvl
c:\games\mirmagic\levels\classic_\classic_\069.lvl
c:\games\mirmagic\levels\classic_\classic_\096.lvl
c:\games\mirmagic\levels\classic_\classic_\082.lvl
c:\games\mirmagic\levels\classic_\classic_\094.lvl
c:\games\mirmagic\levels\classic_\classic_\080.lvl
c:\games\mirmagic\levels\classic_\classic_\057.lvl
c:\games\mirmagic\levels\classic_\classic_\043.lvl
c:\games\mirmagic\levels\classic_\classic_\042.lvl
c:\games\mirmagic\levels\classic_\classic_\056.lvl
c:\games\mirmagic\levels\classic_\classic_\081.lvl
c:\games\mirmagic\levels\classic_\classic_\095.lvl
c:\games\mirmagic\copying
c:\games\mirmagic\sounds\halloffa.wav
c:\games\mirmagic\sounds\antigrav.wav
c:\games\mirmagic\sounds\sirr.wav
c:\games\mirmagic\sounds\holz.wav
c:\games\mirmagic\sounds\rhythmlo.wav
c:\games\mirmagic\sounds\kink.wav
c:\games\mirmagic\sounds\hui.wav
c:\games\mirmagic\sounds\quiek.wav
c:\games\mirmagic\sounds\whoosh.wav
c:\games\mirmagic\sounds\roaaar.wav
c:\games\mirmagic\sounds\warnton.wav
c:\games\mirmagic\sounds\bong.wav
c:\games\mirmagic\sounds\kabumm.wav
c:\games\mirmagic\sounds\autsch.wav
c:\games\mirmagic\sounds\amoebe.wav
c:\games\mirmagic\sounds\kling.wav
c:\games\mirmagic\sounds\slurp.wav
c:\games\mirmagic\sounds\fuel.wav
c:\games\mirmagic\sounds\laser.wav
c:\games\mirmagic\sounds\oeffnen.wav
c:\games\mirmagic\todo
c:\games\mirmagic\readme
c:\games\mirmagic\mirror20.lsm
c:\games\mirmagic\changes
c:\games\mirmagic\makefile
c:\games\mirmagic\mirror.exe
c:\games\mirmagic\install
c:\games\mirmagic\cwsdpmi.exe
c:\games\mirmagic\music\mod.ent
c:\games\mirmagic\music\mod.lk
c:\games\mirmagic\music\voyager.wav
c:\games\mirmagic\music\tyger.wav
c:\games\mirmagic\music\mod.lou
C:\FDOS\appinfo\mirmagic.lsm
C:\FDOS\appinfo\mirmagic.de
C:\FDOS\appinfo\mirmagic.tr
C:\FDOS\appinfo\mirmagic.fr
