C:\FDOS\nls\more.ru
C:\FDOS\nls\more.lv
C:\FDOS\nls\more.it
C:\FDOS\nls\more.sl
C:\FDOS\nls\more.sv
C:\FDOS\nls\more.pl
C:\FDOS\nls\more.tr
C:\FDOS\nls\more.es
C:\FDOS\nls\more.fr
C:\FDOS\nls\more.eo
C:\FDOS\nls\more.en
C:\FDOS\nls\more.dk
C:\FDOS\nls\more.de
C:\FDOS\nls\more.hu
C:\FDOS\nls\more.nl
C:\FDOS\nls\more.pt
C:\FDOS\help\more.tr
C:\FDOS\help\more.fr
C:\FDOS\help\more.en
C:\FDOS\doc\more\news
C:\FDOS\doc\more\readme
C:\FDOS\doc\more\bugs
C:\FDOS\doc\more\gpl-20.txt
C:\FDOS\doc\more\install
C:\FDOS\bin\more.exe
C:\FDOS\bin\_more.exe
C:\FDOS\appinfo\more.lsm
C:\FDOS\appinfo\more.tr
C:\FDOS\appinfo\more.fr
C:\FDOS\appinfo\more.de
