C:\FDOS\doc\mplayer\tech\new_poli.txt
C:\FDOS\doc\mplayer\tech\manpage.txt
C:\FDOS\doc\mplayer\tech\svn-howt.txt
C:\FDOS\doc\mplayer\tech\wishlist
C:\FDOS\doc\mplayer\tech\vidix.txt
C:\FDOS\doc\mplayer\tech\codecs-i.htm
C:\FDOS\doc\mplayer\tech\mpsub.sub
C:\FDOS\doc\mplayer\tech\oggless-.txt
C:\FDOS\doc\mplayer\tech\doxyfile
C:\FDOS\doc\mplayer\tech\dvdnav-h.txt
C:\FDOS\doc\mplayer\tech\subcp.txt
C:\FDOS\doc\mplayer\tech\playtree.hun
C:\FDOS\doc\mplayer\tech\mpdsf.txt
C:\FDOS\doc\mplayer\tech\enc-tips.txt
C:\FDOS\doc\mplayer\tech\formats.txt
C:\FDOS\doc\mplayer\tech\playtree
C:\FDOS\doc\mplayer\tech\swscal_f.txt
C:\FDOS\doc\mplayer\tech\dr-metho.txt
C:\FDOS\doc\mplayer\tech\general.txt
C:\FDOS\doc\mplayer\tech\maintain
C:\FDOS\doc\mplayer\tech\todo
C:\FDOS\doc\mplayer\tech\mirrors\mirror_h.txt
C:\FDOS\doc\mplayer\tech\mirrors\update_m
C:\FDOS\doc\mplayer\tech\code-doc.txt
C:\FDOS\doc\mplayer\tech\swscal_m.txt
C:\FDOS\doc\mplayer\tech\realcode\audio-co.txt
C:\FDOS\doc\mplayer\tech\realcode\todo
C:\FDOS\doc\mplayer\tech\realcode\video-co.txt
C:\FDOS\doc\mplayer\tech\realcode\streamin.txt
C:\FDOS\doc\mplayer\tech\libao2.txt
C:\FDOS\doc\mplayer\tech\osd.txt
C:\FDOS\doc\mplayer\tech\libmpcod.txt
C:\FDOS\doc\mplayer\tech\binary-p.txt
C:\FDOS\doc\mplayer\tech\translat.txt
C:\FDOS\doc\mplayer\tech\colorspa.txt
C:\FDOS\doc\mplayer\tech\nut.txt
C:\FDOS\doc\mplayer\tech\hwac3.txt
C:\FDOS\doc\mplayer\tech\patches.txt
C:\FDOS\doc\mplayer\tech\snow.txt
C:\FDOS\doc\mplayer\tech\libvo.txt
C:\FDOS\doc\mplayer\tech\codecs.con
C:\FDOS\doc\mplayer\tech\enc-guid.txt
C:\FDOS\doc\mplayer\tech\release-.txt
C:\FDOS\doc\mplayer\tech\codec-de.txt
C:\FDOS\doc\mplayer\tech\slave.txt
C:\FDOS\doc\mplayer\examples\example.cfg
C:\FDOS\doc\mplayer\examples\input.cfg
C:\FDOS\doc\mplayer\examples\menu.cfg
C:\FDOS\doc\mplayer\examples\codecs.cfg
C:\FDOS\doc\mplayer\default.css
C:\FDOS\doc\mplayer\readme.dj
C:\FDOS\doc\mplayer\readme
C:\FDOS\doc\mplayer\html\en\default.css
C:\FDOS\doc\mplayer\html\es\default.css
C:\FDOS\doc\mplayer\html\fr\default.css
C:\FDOS\doc\mplayer\html\de\default.css
C:\FDOS\doc\mplayer\html\hu\default.css
C:\FDOS\doc\mplayer\html\zh_cn\default.css
C:\FDOS\doc\mplayer\html\ru\default.css
C:\FDOS\doc\mplayer\html\cs\default.css
C:\FDOS\doc\mplayer\html\it\default.css
C:\FDOS\doc\mplayer\html\pl\default.css
C:\FDOS\doc\mplayer\mplayer.1
C:\FDOS\doc\mplayer\copyrigh
C:\FDOS\doc\mplayer\changelo
C:\FDOS\doc\mplayer\mencoder.1
C:\FDOS\doc\mplayer\authors
C:\FDOS\doc\mplayer\license
C:\FDOS\doc\mplayer\lfnfiles.zip
C:\FDOS\bin\mplayer.exe
C:\FDOS\bin\mencoder.exe
C:\FDOS\appinfo\mplayer.de
C:\FDOS\appinfo\mplayer.fr
C:\FDOS\appinfo\mplayer.tr
C:\FDOS\appinfo\mplayer.lsm
