c:\games\nge_nibb\levels\level2.scp
c:\games\nge_nibb\levels\level4.raw
c:\games\nge_nibb\levels\level3.scp
c:\games\nge_nibb\levels\level1.scp
c:\games\nge_nibb\levels\level4.scp
c:\games\nge_nibb\levels\level2.raw
c:\games\nge_nibb\levels\level3.raw
c:\games\nge_nibb\levels\level1.raw
c:\games\nge_nibb\font\calisto.fnt
c:\games\nge_nibb\nibbles.exe
c:\games\nge_nibb\gpl.txt
c:\games\nge_nibb\art\x.spr
c:\games\nge_nibb\art\body.spr
c:\games\nge_nibb\art\grape.spr
c:\games\nge_nibb\art\system.pal
c:\games\nge_nibb\art\tail.spr
c:\games\nge_nibb\art\head.spr
c:\games\nge_nibb\art\logo.raw
C:\FDOS\appinfo\nge_nibb.tr
C:\FDOS\appinfo\nge_nibb.fr
C:\FDOS\appinfo\nge_nibb.de
C:\FDOS\appinfo\nge_nibb.lsm
