C:\FDOS\links\ospedit.com
c:\apps\ospedit\djgpp\txtrtf.cnv
c:\apps\ospedit\djgpp\authors.txt
c:\apps\ospedit\djgpp\readme.txt
c:\apps\ospedit\djgpp\ospedit.exe
c:\apps\ospedit\djgpp\changes.txt
c:\apps\ospedit\djgpp\thanks.txt
c:\apps\ospedit\djgpp\bugs.txt
c:\apps\ospedit\djgpp\todo.txt
c:\apps\ospedit\djgpp\txtwrite.cnv
c:\apps\ospedit\djgppsnd\txtrtf.cnv
c:\apps\ospedit\djgppsnd\authors.txt
c:\apps\ospedit\djgppsnd\readme.txt
c:\apps\ospedit\djgppsnd\ospedit.exe
c:\apps\ospedit\djgppsnd\changes.txt
c:\apps\ospedit\djgppsnd\thanks.txt
c:\apps\ospedit\djgppsnd\bugs.txt
c:\apps\ospedit\djgppsnd\todo.txt
c:\apps\ospedit\djgppsnd\txtwrite.cnv
c:\apps\ospedit\dos\txtrtf.cnv
c:\apps\ospedit\dos\authors.txt
c:\apps\ospedit\dos\readme.txt
c:\apps\ospedit\dos\bdsb16.exe
c:\apps\ospedit\dos\ospedit.exe
c:\apps\ospedit\dos\bdcs4235.exe
c:\apps\ospedit\dos\changes.txt
c:\apps\ospedit\dos\thanks.txt
c:\apps\ospedit\dos\cs4235.ini
c:\apps\ospedit\dos\bugs.txt
c:\apps\ospedit\dos\bdsb.exe
c:\apps\ospedit\dos\todo.txt
c:\apps\ospedit\dos\bdsbpro.exe
c:\apps\ospedit\dos\txtwrite.cnv
C:\FDOS\appinfo\ospedit.de
C:\FDOS\appinfo\ospedit.fr
C:\FDOS\appinfo\ospedit.tr
C:\FDOS\appinfo\ospedit.lsm
