C:\FDOS\links\p7zip.com
c:\util\p7zip\7zformat.txt
c:\util\p7zip\license.txt
c:\util\p7zip\history.txt
c:\util\p7zip\7zcon.sfx
c:\util\p7zip\readme.txt
c:\util\p7zip\7zr.1
c:\util\p7zip\lzma.txt
c:\util\p7zip\manual\commands\test.htm
c:\util\p7zip\manual\commands\delete.htm
c:\util\p7zip\manual\commands\style.css
c:\util\p7zip\manual\commands\add.htm
c:\util\p7zip\manual\commands\update.htm
c:\util\p7zip\manual\commands\index.htm
c:\util\p7zip\manual\commands\extract.htm
c:\util\p7zip\manual\commands\bench.htm
c:\util\p7zip\manual\commands\extract_.htm
c:\util\p7zip\manual\commands\list.htm
c:\util\p7zip\manual\style.css
c:\util\p7zip\manual\syntax.htm
c:\util\p7zip\manual\exit_cod.htm
c:\util\p7zip\manual\index.htm
c:\util\p7zip\manual\switches\ar_exclu.htm
c:\util\p7zip\manual\switches\sfx.htm
c:\util\p7zip\manual\switches\stop_swi.htm
c:\util\p7zip\manual\switches\password.htm
c:\util\p7zip\manual\switches\output_d.htm
c:\util\p7zip\manual\switches\stdin.htm
c:\util\p7zip\manual\switches\overwrit.htm
c:\util\p7zip\manual\switches\recurse.htm
c:\util\p7zip\manual\switches\style.css
c:\util\p7zip\manual\switches\exclude.htm
c:\util\p7zip\manual\switches\ar_no.htm
c:\util\p7zip\manual\switches\update.htm
c:\util\p7zip\manual\switches\type.htm
c:\util\p7zip\manual\switches\index.htm
c:\util\p7zip\manual\switches\include.htm
c:\util\p7zip\manual\switches\volume.htm
c:\util\p7zip\manual\switches\charset.htm
c:\util\p7zip\manual\switches\working_.htm
c:\util\p7zip\manual\switches\stdout.htm
c:\util\p7zip\manual\switches\list_tec.htm
c:\util\p7zip\manual\switches\ar_inclu.htm
c:\util\p7zip\manual\switches\method.htm
c:\util\p7zip\manual\switches\ssc.htm
c:\util\p7zip\manual\switches\yes.htm
c:\util\p7zip\methods.txt
c:\util\p7zip\7zc.txt
c:\util\p7zip\p7zip_sh.1
c:\util\p7zip\7za.1
c:\util\p7zip\p7zipr.exe
c:\util\p7zip\copying.txt
c:\util\p7zip\p7zip.exe
C:\FDOS\appinfo\p7zip.lsm
C:\FDOS\appinfo\p7zip.tr
C:\FDOS\appinfo\p7zip.fr
C:\FDOS\appinfo\p7zip.de
