c:\pgme\pgm825.fnt
c:\pgme\tr-etern.lng
c:\pgme\pgm818.fnt
c:\pgme\eternity.dat
c:\pgme\pgm826.fnt
c:\pgme\efntdsgn.exe
c:\pgme\default.thm
c:\pgme\license.txt
c:\pgme\default.lng
c:\pgme\eternity.pmi
c:\pgme\pgm820.fnt
c:\pgme\pgm808.fnt
c:\pgme\kiosk.thm
c:\pgme\eternity.cfg
c:\pgme\blahblah.txt
c:\pgme\atom.scr
c:\pgme\kiosk.on
c:\pgme\spanish.lng
c:\pgme\qkeys.exe
c:\pgme\en_us.lng
c:\pgme\spanish.thm
c:\pgme\fr-efont.lng
c:\pgme\blanker.scr
c:\pgme\eternity.bin
c:\pgme\qcnftool.exe
c:\pgme\qfnt2tsr.exe
c:\pgme\fr850-16.fnt
c:\pgme\fr-inst.lng
c:\pgme\classic.thm
c:\pgme\qscroll.exe
c:\pgme\efntdsgn.pmi
c:\pgme\caveman.thm
c:\pgme\pgm.bat
c:\pgme\qnothing.exe
c:\pgme\efntdsgn.cfg
c:\pgme\fr-etern.lng
c:\pgme\kiosk.off
c:\pgme\eternity.mnu
c:\pgme\raw2qfnt.exe
c:\pgme\tr-efont.lng
c:\pgme\alt814.fnt
c:\pgme\qfntload.exe
c:\pgme\qfnt2raw.exe
c:\pgme\pgm816.fnt
c:\pgme\tr857-16.fnt
c:\pgme\pgm814.fnt
c:\pgme\pgme.exe
c:\pgme\cap816.fnt
c:\pgme\whatsnew.txt
c:\pgme\tr-inst.lng
C:\FDOS\links\pgm.com
C:\FDOS\doc\pgme\license.txt
C:\FDOS\doc\pgme\blahblah.txt
C:\FDOS\doc\pgme\whatsnew.txt
C:\FDOS\appinfo\pgme.lsm
C:\FDOS\appinfo\pgme.de
C:\FDOS\appinfo\pgme.fr
C:\FDOS\appinfo\pgme.tr
