c:\games\qtetris\autores.txt
c:\games\qtetris\authors.txt
c:\games\qtetris\license.txt
c:\games\qtetris\ahacer.txt
c:\games\qtetris\readme.txt
c:\games\qtetris\qtetris.ico
c:\games\qtetris\changes.txt
c:\games\qtetris\qtetris.exe
c:\games\qtetris\thanks.txt
c:\games\qtetris\cwsdpmi.doc
c:\games\qtetris\leame.txt
c:\games\qtetris\cambios.txt
c:\games\qtetris\todo.txt
c:\games\qtetris\qtetris.cfg
c:\games\qtetris\gracias.txt
c:\games\qtetris\cwsdpmi.exe
c:\games\qtetris\qtetris.dat
C:\FDOS\appinfo\qtetris.tr
C:\FDOS\appinfo\qtetris.fr
C:\FDOS\appinfo\qtetris.de
C:\FDOS\appinfo\qtetris.lsm
