C:\FDOS\links\setedit.com
c:\apps\setedit\share\setedit\perlmac.pmc
c:\apps\setedit\share\setedit\rombios.sft
c:\apps\setedit\share\setedit\syntaxhl.shl
c:\apps\setedit\share\setedit\version.txt
c:\apps\setedit\share\setedit\html.frt
c:\apps\setedit\share\setedit\simple.smn
c:\apps\setedit\share\setedit\ps3.exe
c:\apps\setedit\share\setedit\cpmacros.pmc
c:\apps\setedit\share\setedit\ps2.exe
c:\apps\setedit\share\setedit\txhgen-i.txi
c:\apps\setedit\share\setedit\txhgen-i.txt
c:\apps\setedit\share\setedit\redmond.smn
c:\apps\setedit\share\setedit\ps1.exe
c:\apps\setedit\share\setedit\wmlmac.pmc
c:\apps\setedit\share\setedit\menubind.smn
c:\apps\setedit\share\setedit\errors.cle
c:\apps\setedit\share\setedit\editor.tip
c:\apps\setedit\share\setedit\ps4.exe
c:\apps\setedit\share\setedit\pmacros.pmc
c:\apps\setedit\share\setedit\setenvir.dat
c:\apps\setedit\share\setedit\txhgen-i.htm
c:\apps\setedit\share\setedit\thin.sft
c:\apps\setedit\share\setedit\boxround.sft
c:\apps\setedit\share\setedit\extrscsv.txt
c:\apps\setedit\share\setedit\simple.dst
c:\apps\setedit\share\setedit\tex.frt
c:\apps\setedit\share\setedit\macros.slp
c:\apps\setedit\share\setedit\htmlmac.pmc
c:\apps\setedit\share\setedit\multi.frt
c:\apps\setedit\share\setedit\examples.slp
c:\apps\setedit\share\setedit\ocr.sft
c:\apps\setedit\share\setedit\cntdown.sft
c:\apps\setedit\share\setedit\clippmac.pmc
c:\apps\setedit\share\locale\es\lc_messa\setedit.mo
c:\apps\setedit\share\locale\de\lc_messa\setedit.mo
c:\apps\setedit\info\setedit.1
c:\apps\setedit\info\sdg.inf
c:\apps\setedit\info\infview.inf
c:\apps\setedit\info\setedit.inf
c:\apps\setedit\contrib\setedit.bin\copying.lgp
c:\apps\setedit\contrib\setedit.bin\my_file2.htm
c:\apps\setedit\contrib\setedit.bin\my_file3.htm
c:\apps\setedit\contrib\setedit.bin\my_file1.htm
c:\apps\setedit\contrib\setedit.bin\infview.txt
c:\apps\setedit\contrib\setedit.bin\tags.htm
c:\apps\setedit\contrib\setedit.bin\readme.faq
c:\apps\setedit\contrib\setedit.bin\sdg.txt
c:\apps\setedit\contrib\setedit.bin\copying.dj
c:\apps\setedit\contrib\setedit.bin\examples\tvrc
c:\apps\setedit\contrib\setedit.bin\examples\test1.cc
c:\apps\setedit\contrib\setedit.bin\examples\examp1.epr
c:\apps\setedit\contrib\setedit.bin\examples\examp1.dst
c:\apps\setedit\contrib\setedit.bin\setedit.txt
c:\apps\setedit\contrib\setedit.bin\change.log
c:\apps\setedit\contrib\setedit.bin\copying.gpl
c:\apps\setedit\contrib\setedit.bin\kextend\kextend.txt
c:\apps\setedit\contrib\setedit.bin\kextend\kextend.asm
c:\apps\setedit\contrib\setedit.bin\kextend\kextend.com
c:\apps\setedit\contrib\setedit.bin\calltpc7\macro.txt
c:\apps\setedit\contrib\setedit.bin\calltpc7\calltpc7.exe
c:\apps\setedit\contrib\setedit.bin\calltpc7\calltpc7.pas
c:\apps\setedit\contrib\setedit.bin\calltpc7\wrapper7.tpu
c:\apps\setedit\contrib\setedit.bin\calltpc7\wrapper7.unt
c:\apps\setedit\contrib\setedit.bin\copying.rh
c:\apps\setedit\contrib\setedit.bin\tag_imgs\jump_sym.png
c:\apps\setedit\contrib\setedit.bin\tag_imgs\this_cla.png
c:\apps\setedit\contrib\setedit.bin\tag_imgs\class_li.png
c:\apps\setedit\contrib\setedit.bin\tag_imgs\tag_opti.png
c:\apps\setedit\contrib\setedit.bin\tag_imgs\w_comple.png
c:\apps\setedit\contrib\setedit.bin\tag_imgs\project_.png
c:\apps\setedit\contrib\setedit.bin\tag_imgs\advice_t.png
c:\apps\setedit\contrib\setedit.bin\tag_imgs\sorted.png
c:\apps\setedit\contrib\setedit.bin\tag_imgs\class_ch.png
c:\apps\setedit\contrib\setedit.bin\tag_imgs\symbols_.png
c:\apps\setedit\contrib\setedit.bin\tag_imgs\generate.png
c:\apps\setedit\contrib\setedit.bin\tag_imgs\a_projec.png
c:\apps\setedit\contrib\setedit.bin\tag_imgs\this_and.png
c:\apps\setedit\contrib\setedit.bin\copyrigh
c:\apps\setedit\contrib\setedit.bin\example\example.dst
c:\apps\setedit\contrib\setedit.bin\example\tinppipe.cc
c:\apps\setedit\contrib\setedit.bin\example\setstack.cc
c:\apps\setedit\contrib\setedit.bin\example\tdiagrow.cc
c:\apps\setedit\contrib\setedit.bin\example\example.epr
c:\apps\setedit\contrib\setedit.bin\examples.css
c:\apps\setedit\contrib\setedit.bin\readme.1st
c:\apps\setedit\bin\tcedit.dst
c:\apps\setedit\bin\setedit.pif
c:\apps\setedit\bin\e.bat
c:\apps\setedit\bin\setedit.exe
C:\FDOS\appinfo\setedit.lsm
C:\FDOS\appinfo\setedit.de
C:\FDOS\appinfo\setedit.tr
C:\FDOS\appinfo\setedit.fr
