c:\games\snova\r2
c:\games\snova\nova.001
c:\games\snova\nova.000
c:\games\snova\l1
c:\games\snova\readme.txt
c:\games\snova\file_id.diz
c:\games\snova\instruct.txt
c:\games\snova\b1
c:\games\snova\help1.txt
c:\games\snova\help3.txt
c:\games\snova\s1
c:\games\snova\help2.txt
c:\games\snova\nova.002
c:\games\snova\r1
c:\games\snova\nova.003
c:\games\snova\c1
c:\games\snova\nova.com
c:\games\snova\sm
C:\FDOS\appinfo\snova.de
C:\FDOS\appinfo\snova.lsm
C:\FDOS\appinfo\snova.fr
C:\FDOS\appinfo\snova.tr
