C:\FDOS\doc\tde\readme.txt
C:\FDOS\doc\tde\update.txt
C:\FDOS\doc\tde\todo.txt
C:\FDOS\bin\tdep.exe
C:\FDOS\bin\tder.exe
C:\FDOS\bin\tde.shl
C:\FDOS\bin\tdv.cmd
C:\FDOS\bin\tde.ico
C:\FDOS\bin\tdv.exe
C:\FDOS\bin\config\tde.cfg
C:\FDOS\bin\config\cua.cfg
C:\FDOS\bin\config\tde.hlp
C:\FDOS\bin\config\de.cfg
C:\FDOS\bin\config\key.tdm
C:\FDOS\bin\config\menu.cfg
C:\FDOS\bin\config\wordstar.cfg
C:\FDOS\bin\config\tdehlp
C:\FDOS\bin\config\mark.tdm
C:\FDOS\bin\config\wordstar.txt
C:\FDOS\bin\config\tdecfg
C:\FDOS\appinfo\tde.tr
C:\FDOS\appinfo\tde.lsm
C:\FDOS\appinfo\tde.fr
C:\FDOS\appinfo\tde.de
