C:\FDOS\nls\tee.tr
C:\FDOS\nls\tee.en
C:\FDOS\nls\tee.es
C:\FDOS\nls\tee.fr
C:\FDOS\nls\tee.eo
C:\FDOS\nls\tee.de
C:\FDOS\nls\tee.pt
C:\FDOS\nls\tee.pl
C:\FDOS\nls\tee.sl
C:\FDOS\help\tee.htm
C:\FDOS\help\tee-fr-n.htm
C:\FDOS\help\tee-fr.htm
C:\FDOS\help\tee-tr.htm
C:\FDOS\help\tee_de.htm
C:\FDOS\doc\tee\lgpl.txt
C:\FDOS\doc\tee\readme.txt
C:\FDOS\doc\tee\gpl.txt
C:\FDOS\doc\tee\changes
C:\FDOS\bin\_tee.exe
C:\FDOS\bin\tee.exe
C:\FDOS\appinfo\tee.tr
C:\FDOS\appinfo\tee.lsm
C:\FDOS\appinfo\tee.fr
C:\FDOS\appinfo\tee.de
