C:\FDOS\help\vprogres.en
C:\FDOS\help\vdelete.tr
C:\FDOS\help\vfdutil.tr
C:\FDOS\help\vframe.fr
C:\FDOS\help\vpause.fr
C:\FDOS\help\vline.en
C:\FDOS\help\vfont.tr
C:\FDOS\help\vdelay.fr
C:\FDOS\help\v8power.tr
C:\FDOS\help\vpause.en
C:\FDOS\help\vline.fr
C:\FDOS\help\vdelay.en
C:\FDOS\help\vcls.tr
C:\FDOS\help\vprogres.fr
C:\FDOS\help\vask.tr
C:\FDOS\help\vframe.en
C:\FDOS\help\vask.fr
C:\FDOS\help\vdelete.en
C:\FDOS\help\vprogres.tr
C:\FDOS\help\vfdutil.en
C:\FDOS\help\v8power.fr
C:\FDOS\help\vcls.fr
C:\FDOS\help\vline.tr
C:\FDOS\help\vfont.en
C:\FDOS\help\v8power.en
C:\FDOS\help\vcls.en
C:\FDOS\help\vdelay.tr
C:\FDOS\help\vfont.fr
C:\FDOS\help\vpause.tr
C:\FDOS\help\vask.en
C:\FDOS\help\vdelete.fr
C:\FDOS\help\vframe.tr
C:\FDOS\help\vfdutil.fr
C:\FDOS\help\veach.fr
C:\FDOS\help\vstr.en
C:\FDOS\help\vstr.fr
C:\FDOS\help\vchoice.tr
C:\FDOS\help\veach.en
C:\FDOS\help\vchoice.fr
C:\FDOS\help\vstr.tr
C:\FDOS\help\veach.tr
C:\FDOS\help\vchoice.en
C:\FDOS\help\vmath.fr
C:\FDOS\help\vinfo.en
C:\FDOS\help\vinsert.en
C:\FDOS\help\vinsert.fr
C:\FDOS\help\vecho.tr
C:\FDOS\help\vmath.en
C:\FDOS\help\vinfo.fr
C:\FDOS\help\vecho.fr
C:\FDOS\help\vinfo.tr
C:\FDOS\help\vinsert.tr
C:\FDOS\help\vecho.en
C:\FDOS\help\vmath.tr
C:\FDOS\help\vmode.fr
C:\FDOS\help\vchkbox.tr
C:\FDOS\help\vpcspkr.fr
C:\FDOS\help\verrlvl.fr
C:\FDOS\help\vver.en
C:\FDOS\help\vcursor.fr
C:\FDOS\help\vgotoxy.en
C:\FDOS\help\vview.en
C:\FDOS\help\verrlvl.en
C:\FDOS\help\vver.fr
C:\FDOS\help\vreadkey.tr
C:\FDOS\help\vcursor.en
C:\FDOS\help\vgotoxy.fr
C:\FDOS\help\vview.fr
C:\FDOS\help\vmode.en
C:\FDOS\help\vpcspkr.en
C:\FDOS\help\vchkbox.en
C:\FDOS\help\vreadkey.fr
C:\FDOS\help\vver.tr
C:\FDOS\help\vview.tr
C:\FDOS\help\vgotoxy.tr
C:\FDOS\help\vcursor.tr
C:\FDOS\help\verrlvl.tr
C:\FDOS\help\vreadkey.en
C:\FDOS\help\vchkbox.fr
C:\FDOS\help\vmode.tr
C:\FDOS\help\vpcspkr.tr
C:\FDOS\doc\v8power\readme.txt
C:\FDOS\doc\v8power\contrib.md
C:\FDOS\doc\v8power\roadmap.txt
C:\FDOS\doc\v8power\license
C:\FDOS\bin\verrlvl.com
C:\FDOS\bin\vinsert.com
C:\FDOS\bin\vcursor.com
C:\FDOS\bin\vprogres.com
C:\FDOS\bin\vdelay.com
C:\FDOS\bin\vfdutil.com
C:\FDOS\bin\vask.com
C:\FDOS\bin\vline.com
C:\FDOS\bin\vstr.com
C:\FDOS\bin\vgotoxy.com
C:\FDOS\bin\vpcspkr.com
C:\FDOS\bin\vfont.com
C:\FDOS\bin\vmath.com
C:\FDOS\bin\vchoice.com
C:\FDOS\bin\vcls.com
C:\FDOS\bin\vecho.com
C:\FDOS\bin\vdelete.com
C:\FDOS\bin\vframe.com
C:\FDOS\bin\vver.com
C:\FDOS\bin\vmode.com
C:\FDOS\bin\veach.com
C:\FDOS\bin\vpause.com
C:\FDOS\bin\vinfo.com
C:\FDOS\appinfo\v8power.tr
C:\FDOS\appinfo\v8power.fr
C:\FDOS\appinfo\v8power.lsm
C:\FDOS\appinfo\v8power.de
