c:\games\vertigo\harrier.ico
c:\games\vertigo\sound\ping.wav
c:\games\vertigo\sound\talk\waveoff.wav
c:\games\vertigo\sound\talk\wind_axi.wav
c:\games\vertigo\sound\talk\cm_right.wav
c:\games\vertigo\sound\talk\lin_righ.wav
c:\games\vertigo\sound\talk\n0.wav
c:\games\vertigo\sound\talk\fast.wav
c:\games\vertigo\sound\talk\n1.wav
c:\games\vertigo\sound\talk\low.wav
c:\games\vertigo\sound\talk\n3.wav
c:\games\vertigo\sound\talk\rog_ball.wav
c:\games\vertigo\sound\talk\n2.wav
c:\games\vertigo\sound\talk\high.wav
c:\games\vertigo\sound\talk\n6.wav
c:\games\vertigo\sound\talk\n7.wav
c:\games\vertigo\sound\talk\lit_slow.wav
c:\games\vertigo\sound\talk\bolter.wav
c:\games\vertigo\sound\talk\n5.wav
c:\games\vertigo\sound\talk\n4.wav
c:\games\vertigo\sound\talk\lin_left.wav
c:\games\vertigo\sound\talk\call_bal.wav
c:\games\vertigo\sound\talk\low_gear.wav
c:\games\vertigo\sound\talk\n9.wav
c:\games\vertigo\sound\talk\n8.wav
c:\games\vertigo\sound\talk\lit_low.wav
c:\games\vertigo\sound\talk\lit_left.wav
c:\games\vertigo\sound\talk\tom_ball.wav
c:\games\vertigo\sound\talk\attitude.wav
c:\games\vertigo\sound\talk\vir_ball.wav
c:\games\vertigo\sound\talk\low_hook.wav
c:\games\vertigo\sound\talk\cm_left.wav
c:\games\vertigo\sound\talk\keep_com.wav
c:\games\vertigo\sound\talk\slow.wav
c:\games\vertigo\sound\talk\point.wav
c:\games\vertigo\sound\talk\lit_righ.wav
c:\games\vertigo\sound\talk\lit_high.wav
c:\games\vertigo\sound\talk\power.wav
c:\games\vertigo\sound\talk\lit_fast.wav
c:\games\vertigo\sound\cannon.wav
c:\games\vertigo\sound\crash.wav
c:\games\vertigo\sound\screetch.wav
c:\games\vertigo\sound\rocket.wav
c:\games\vertigo\sound\prop.wav
c:\games\vertigo\sound\gear_up.wav
c:\games\vertigo\sound\ab_rmbl.wav
c:\games\vertigo\sound\jet_ext.wav
c:\games\vertigo\sound\warning.wav
c:\games\vertigo\sound\rumble.wav
c:\games\vertigo\sound\lm\50.wav
c:\games\vertigo\sound\lm\540.wav
c:\games\vertigo\sound\lm\70.wav
c:\games\vertigo\sound\lm\200.wav
c:\games\vertigo\sound\lm\700.wav
c:\games\vertigo\sound\lm\contact.wav
c:\games\vertigo\sound\lm\eagle.wav
c:\games\vertigo\sound\lm\100.wav
c:\games\vertigo\sound\lm\engstop.wav
c:\games\vertigo\sound\explode.wav
c:\games\vertigo\sound\flaps.wav
c:\games\vertigo\sound\stall.wav
c:\games\vertigo\sound\cat_lnch.wav
c:\games\vertigo\sound\ab_ignit.wav
c:\games\vertigo\vertigo.b50
c:\games\vertigo\license.txt
c:\games\vertigo\ver_docs.htm
c:\games\vertigo\b50load.bat
c:\games\vertigo\fonts.dat
c:\games\vertigo\vertigo.txt
c:\games\vertigo\naca0012.dat
c:\games\vertigo\vertigo.exe
c:\games\vertigo\install.txt
c:\games\vertigo\objects\objects.dat
c:\games\vertigo\objects\objects.pos
c:\games\vertigo\keys.txt
c:\games\vertigo\ybstars.dat
c:\games\vertigo\cwsdpmi.exe
c:\games\vertigo\vertigo.m50
C:\FDOS\appinfo\vertigo.lsm
C:\FDOS\appinfo\vertigo.fr
C:\FDOS\appinfo\vertigo.tr
C:\FDOS\appinfo\vertigo.de
