C:\FDOS\links\vim.com
c:\apps\vim\synmenu.vim
c:\apps\vim\menu.vim
c:\apps\vim\compiler\icc.vim
c:\apps\vim\compiler\neato.vim
c:\apps\vim\compiler\mips_c.vim
c:\apps\vim\compiler\mcs.vim
c:\apps\vim\compiler\xmllint.vim
c:\apps\vim\compiler\hp_acc.vim
c:\apps\vim\compiler\gnat.vim
c:\apps\vim\compiler\rubyunit.vim
c:\apps\vim\compiler\intel.vim
c:\apps\vim\compiler\decada.vim
c:\apps\vim\compiler\readme.txt
c:\apps\vim\compiler\irix5_c.vim
c:\apps\vim\compiler\cucumber.vim
c:\apps\vim\compiler\jikes.vim
c:\apps\vim\compiler\cs.vim
c:\apps\vim\compiler\php.vim
c:\apps\vim\compiler\onsgmls.vim
c:\apps\vim\compiler\tex.vim
c:\apps\vim\compiler\bcc.vim
c:\apps\vim\compiler\splint.vim
c:\apps\vim\compiler\msvc.vim
c:\apps\vim\compiler\eruby.vim
c:\apps\vim\compiler\rspec.vim
c:\apps\vim\compiler\xmlwf.vim
c:\apps\vim\compiler\javac.vim
c:\apps\vim\compiler\rst.vim
c:\apps\vim\compiler\ruby.vim
c:\apps\vim\compiler\dot.vim
c:\apps\vim\compiler\pyunit.vim
c:\apps\vim\compiler\perl.vim
c:\apps\vim\compiler\tcl.vim
c:\apps\vim\compiler\tidy.vim
c:\apps\vim\compiler\pbx.vim
c:\apps\vim\compiler\bdf.vim
c:\apps\vim\compiler\gcc.vim
c:\apps\vim\compiler\ant.vim
c:\apps\vim\compiler\fpc.vim
c:\apps\vim\compiler\se.vim
c:\apps\vim\vimlogo.pdf
c:\apps\vim\syntax\openroad.vim
c:\apps\vim\syntax\hamster.vim
c:\apps\vim\syntax\cobol.vim
c:\apps\vim\syntax\robots.vim
c:\apps\vim\syntax\lynx.vim
c:\apps\vim\syntax\gnuplot.vim
c:\apps\vim\syntax\fstab.vim
c:\apps\vim\syntax\flexwiki.vim
c:\apps\vim\syntax\tssop.vim
c:\apps\vim\syntax\yacc.vim
c:\apps\vim\syntax\smil.vim
c:\apps\vim\syntax\ldapconf.vim
c:\apps\vim\syntax\xbl.vim
c:\apps\vim\syntax\takout.vim
c:\apps\vim\syntax\hb.vim
c:\apps\vim\syntax\sieve.vim
c:\apps\vim\syntax\sh.vim
c:\apps\vim\syntax\man.vim
c:\apps\vim\syntax\udevconf.vim
c:\apps\vim\syntax\icemenu.vim
c:\apps\vim\syntax\monk.vim
c:\apps\vim\syntax\slice.vim
c:\apps\vim\syntax\phtml.vim
c:\apps\vim\syntax\gdmo.vim
c:\apps\vim\syntax\screen.vim
c:\apps\vim\syntax\pamconf.vim
c:\apps\vim\syntax\plm.vim
c:\apps\vim\syntax\pov.vim
c:\apps\vim\syntax\fvwm2m4.vim
c:\apps\vim\syntax\clipper.vim
c:\apps\vim\syntax\nqc.vim
c:\apps\vim\syntax\context.vim
c:\apps\vim\syntax\arch.vim
c:\apps\vim\syntax\pf.vim
c:\apps\vim\syntax\tli.vim
c:\apps\vim\syntax\cdrtoc.vim
c:\apps\vim\syntax\ahdl.vim
c:\apps\vim\syntax\taskdata.vim
c:\apps\vim\syntax\snobol4.vim
c:\apps\vim\syntax\slpspi.vim
c:\apps\vim\syntax\elinks.vim
c:\apps\vim\syntax\sqr.vim
c:\apps\vim\syntax\esqlc.vim
c:\apps\vim\syntax\msidl.vim
c:\apps\vim\syntax\limits.vim
c:\apps\vim\syntax\pcap.vim
c:\apps\vim\syntax\maple.vim
c:\apps\vim\syntax\lftp.vim
c:\apps\vim\syntax\a65.vim
c:\apps\vim\syntax\vera.vim
c:\apps\vim\syntax\slrnrc.vim
c:\apps\vim\syntax\mysql.vim
c:\apps\vim\syntax\wsh.vim
c:\apps\vim\syntax\django.vim
c:\apps\vim\syntax\help.vim
c:\apps\vim\syntax\wdiff.vim
c:\apps\vim\syntax\clean.vim
c:\apps\vim\syntax\asterisk.vim
c:\apps\vim\syntax\xmath.vim
c:\apps\vim\syntax\msql.vim
c:\apps\vim\syntax\cmake.vim
c:\apps\vim\syntax\lsl.vim
c:\apps\vim\syntax\texinfo.vim
c:\apps\vim\syntax\bst.vim
c:\apps\vim\syntax\remind.vim
c:\apps\vim\syntax\pod.vim
c:\apps\vim\syntax\dtml.vim
c:\apps\vim\syntax\manual.vim
c:\apps\vim\syntax\hercules.vim
c:\apps\vim\syntax\html.vim
c:\apps\vim\syntax\tak.vim
c:\apps\vim\syntax\xxd.vim
c:\apps\vim\syntax\slrnsc.vim
c:\apps\vim\syntax\updatedb.vim
c:\apps\vim\syntax\inform.vim
c:\apps\vim\syntax\aflex.vim
c:\apps\vim\syntax\litestep.vim
c:\apps\vim\syntax\tags.vim
c:\apps\vim\syntax\xhtml.vim
c:\apps\vim\syntax\chordpro.vim
c:\apps\vim\syntax\qf.vim
c:\apps\vim\syntax\diva.vim
c:\apps\vim\syntax\sed.vim
c:\apps\vim\syntax\hostconf.vim
c:\apps\vim\syntax\elf.vim
c:\apps\vim\syntax\rnc.vim
c:\apps\vim\syntax\libao.vim
c:\apps\vim\syntax\rcs.vim
c:\apps\vim\syntax\cvsrc.vim
c:\apps\vim\syntax\calendar.vim
c:\apps\vim\syntax\coco.vim
c:\apps\vim\syntax\kwt.vim
c:\apps\vim\syntax\cmusrc.vim
c:\apps\vim\syntax\lpc.vim
c:\apps\vim\syntax\web.vim
c:\apps\vim\syntax\snnsnet.vim
c:\apps\vim\syntax\ipfilter.vim
c:\apps\vim\syntax\promela.vim
c:\apps\vim\syntax\mupad.vim
c:\apps\vim\syntax\latte.vim
c:\apps\vim\syntax\specman.vim
c:\apps\vim\syntax\sl.vim
c:\apps\vim\syntax\privoxy.vim
c:\apps\vim\syntax\cupl.vim
c:\apps\vim\syntax\aap.vim
c:\apps\vim\syntax\atlas.vim
c:\apps\vim\syntax\stata.vim
c:\apps\vim\syntax\sm.vim
c:\apps\vim\syntax\awk.vim
c:\apps\vim\syntax\inittab.vim
c:\apps\vim\syntax\sdc.vim
c:\apps\vim\syntax\asmh8300.vim
c:\apps\vim\syntax\yaml.vim
c:\apps\vim\syntax\sisu.vim
c:\apps\vim\syntax\pine.vim
c:\apps\vim\syntax\modconf.vim
c:\apps\vim\syntax\smarty.vim
c:\apps\vim\syntax\dosbatch.vim
c:\apps\vim\syntax\sgml.vim
c:\apps\vim\syntax\pdf.vim
c:\apps\vim\syntax\readme.txt
c:\apps\vim\syntax\simula.vim
c:\apps\vim\syntax\elmfilt.vim
c:\apps\vim\syntax\ncf.vim
c:\apps\vim\syntax\spup.vim
c:\apps\vim\syntax\cynlib.vim
c:\apps\vim\syntax\mmix.vim
c:\apps\vim\syntax\wget.vim
c:\apps\vim\syntax\lilo.vim
c:\apps\vim\syntax\esmtprc.vim
c:\apps\vim\syntax\ibasic.vim
c:\apps\vim\syntax\cfg.vim
c:\apps\vim\syntax\smcl.vim
c:\apps\vim\syntax\passwd.vim
c:\apps\vim\syntax\mgl.vim
c:\apps\vim\syntax\bc.vim
c:\apps\vim\syntax\b.vim
c:\apps\vim\syntax\dtd.vim
c:\apps\vim\syntax\tpp.vim
c:\apps\vim\syntax\csp.vim
c:\apps\vim\syntax\ampl.vim
c:\apps\vim\syntax\c.vim
c:\apps\vim\syntax\cf.vim
c:\apps\vim\syntax\postscr.vim
c:\apps\vim\syntax\pyrex.vim
c:\apps\vim\syntax\dcl.vim
c:\apps\vim\syntax\dracula.vim
c:\apps\vim\syntax\netrc.vim
c:\apps\vim\syntax\rib.vim
c:\apps\vim\syntax\cucumber.vim
c:\apps\vim\syntax\objcpp.vim
c:\apps\vim\syntax\masm.vim
c:\apps\vim\syntax\dictconf.vim
c:\apps\vim\syntax\scilab.vim
c:\apps\vim\syntax\sqlforms.vim
c:\apps\vim\syntax\cynpp.vim
c:\apps\vim\syntax\wml.vim
c:\apps\vim\syntax\rhelp.vim
c:\apps\vim\syntax\initex.vim
c:\apps\vim\syntax\dosini.vim
c:\apps\vim\syntax\cuplsim.vim
c:\apps\vim\syntax\vrml.vim
c:\apps\vim\syntax\cdl.vim
c:\apps\vim\syntax\form.vim
c:\apps\vim\syntax\art.vim
c:\apps\vim\syntax\rnoweb.vim
c:\apps\vim\syntax\cs.vim
c:\apps\vim\syntax\htmlos.vim
c:\apps\vim\syntax\css.vim
c:\apps\vim\syntax\crontab.vim
c:\apps\vim\syntax\tsalt.vim
c:\apps\vim\syntax\xkb.vim
c:\apps\vim\syntax\logtalk.vim
c:\apps\vim\syntax\tssgm.vim
c:\apps\vim\syntax\netrw.vim
c:\apps\vim\syntax\sendpr.vim
c:\apps\vim\syntax\xsd.vim
c:\apps\vim\syntax\sather.vim
c:\apps\vim\syntax\rpcgen.vim
c:\apps\vim\syntax\dtrace.vim
c:\apps\vim\syntax\webmacro.vim
c:\apps\vim\syntax\php.vim
c:\apps\vim\syntax\pic.vim
c:\apps\vim\syntax\ptcap.vim
c:\apps\vim\syntax\nsis.vim
c:\apps\vim\syntax\cterm.vim
c:\apps\vim\syntax\syncolor.vim
c:\apps\vim\syntax\vsejcl.vim
c:\apps\vim\syntax\autoit.vim
c:\apps\vim\syntax\alsaconf.vim
c:\apps\vim\syntax\grub.vim
c:\apps\vim\syntax\antlr.vim
c:\apps\vim\syntax\jal.vim
c:\apps\vim\syntax\tilde.vim
c:\apps\vim\syntax\d.vim
c:\apps\vim\syntax\svg.vim
c:\apps\vim\syntax\xinetd.vim
c:\apps\vim\syntax\r.vim
c:\apps\vim\syntax\basic.vim
c:\apps\vim\syntax\desc.vim
c:\apps\vim\syntax\jam.vim
c:\apps\vim\syntax\sml.vim
c:\apps\vim\syntax\falcon.vim
c:\apps\vim\syntax\xpm.vim
c:\apps\vim\syntax\ppd.vim
c:\apps\vim\syntax\abaqus.vim
c:\apps\vim\syntax\messages.vim
c:\apps\vim\syntax\ocaml.vim
c:\apps\vim\syntax\snnsres.vim
c:\apps\vim\syntax\spice.vim
c:\apps\vim\syntax\occam.vim
c:\apps\vim\syntax\esterel.vim
c:\apps\vim\syntax\lprolog.vim
c:\apps\vim\syntax\trustees.vim
c:\apps\vim\syntax\focexec.vim
c:\apps\vim\syntax\pilrc.vim
c:\apps\vim\syntax\jargon.vim
c:\apps\vim\syntax\gsp.vim
c:\apps\vim\syntax\mib.vim
c:\apps\vim\syntax\texmf.vim
c:\apps\vim\syntax\jess.vim
c:\apps\vim\syntax\csc.vim
c:\apps\vim\syntax\udevperm.vim
c:\apps\vim\syntax\edif.vim
c:\apps\vim\syntax\sindacmp.vim
c:\apps\vim\syntax\hog.vim
c:\apps\vim\syntax\vb.vim
c:\apps\vim\syntax\scheme.vim
c:\apps\vim\syntax\nanorc.vim
c:\apps\vim\syntax\perl6.vim
c:\apps\vim\syntax\plaintex.vim
c:\apps\vim\syntax\mason.vim
c:\apps\vim\syntax\taskedit.vim
c:\apps\vim\syntax\kconfig.vim
c:\apps\vim\syntax\gdb.vim
c:\apps\vim\syntax\acedb.vim
c:\apps\vim\syntax\a2ps.vim
c:\apps\vim\syntax\iss.vim
c:\apps\vim\syntax\docbkxml.vim
c:\apps\vim\syntax\psf.vim
c:\apps\vim\syntax\gpg.vim
c:\apps\vim\syntax\dylan.vim
c:\apps\vim\syntax\maxima.vim
c:\apps\vim\syntax\dcd.vim
c:\apps\vim\syntax\tex.vim
c:\apps\vim\syntax\procmail.vim
c:\apps\vim\syntax\prolog.vim
c:\apps\vim\syntax\xs.vim
c:\apps\vim\syntax\uc.vim
c:\apps\vim\syntax\asm.vim
c:\apps\vim\syntax\synload.vim
c:\apps\vim\syntax\fan.vim
c:\apps\vim\syntax\syntax.vim
c:\apps\vim\syntax\wvdial.vim
c:\apps\vim\syntax\winbatch.vim
c:\apps\vim\syntax\verilog.vim
c:\apps\vim\syntax\haste.vim
c:\apps\vim\syntax\radiance.vim
c:\apps\vim\syntax\lout.vim
c:\apps\vim\syntax\liquid.vim
c:\apps\vim\syntax\ldif.vim
c:\apps\vim\syntax\mel.vim
c:\apps\vim\syntax\tf.vim
c:\apps\vim\syntax\slpconf.vim
c:\apps\vim\syntax\fasm.vim
c:\apps\vim\syntax\povini.vim
c:\apps\vim\syntax\groovy.vim
c:\apps\vim\syntax\idl.vim
c:\apps\vim\syntax\lua.vim
c:\apps\vim\syntax\icon.vim
c:\apps\vim\syntax\splint.vim
c:\apps\vim\syntax\gretl.vim
c:\apps\vim\syntax\rebol.vim
c:\apps\vim\syntax\erlang.vim
c:\apps\vim\syntax\nosyntax.vim
c:\apps\vim\syntax\eiffel.vim
c:\apps\vim\syntax\catalog.vim
c:\apps\vim\syntax\baan.vim
c:\apps\vim\syntax\asn.vim
c:\apps\vim\syntax\markdown.vim
c:\apps\vim\syntax\papp.vim
c:\apps\vim\syntax\jgraph.vim
c:\apps\vim\syntax\mf.vim
c:\apps\vim\syntax\vim.vim
c:\apps\vim\syntax\sudoers.vim
c:\apps\vim\syntax\mp.vim
c:\apps\vim\syntax\bindzone.vim
c:\apps\vim\syntax\2html.vim
c:\apps\vim\syntax\sindaout.vim
c:\apps\vim\syntax\cl.vim
c:\apps\vim\syntax\forth.vim
c:\apps\vim\syntax\wsml.vim
c:\apps\vim\syntax\eruby.vim
c:\apps\vim\syntax\eviews.vim
c:\apps\vim\syntax\indent.vim
c:\apps\vim\syntax\kscript.vim
c:\apps\vim\syntax\gtkrc.vim
c:\apps\vim\syntax\mgp.vim
c:\apps\vim\syntax\progress.vim
c:\apps\vim\syntax\expect.vim
c:\apps\vim\syntax\opl.vim
c:\apps\vim\syntax\rcslog.vim
c:\apps\vim\syntax\pike.vim
c:\apps\vim\syntax\sensors.vim
c:\apps\vim\syntax\modsim3.vim
c:\apps\vim\syntax\xquery.vim
c:\apps\vim\syntax\sgmllnx.vim
c:\apps\vim\syntax\sysctl.vim
c:\apps\vim\syntax\mailcap.vim
c:\apps\vim\syntax\ishd.vim
c:\apps\vim\syntax\make.vim
c:\apps\vim\syntax\desktop.vim
c:\apps\vim\syntax\foxpro.vim
c:\apps\vim\syntax\git.vim
c:\apps\vim\syntax\btm.vim
c:\apps\vim\syntax\slpreg.vim
c:\apps\vim\syntax\fdcc.vim
c:\apps\vim\syntax\ch.vim
c:\apps\vim\syntax\svn.vim
c:\apps\vim\syntax\crm.vim
c:\apps\vim\syntax\samba.vim
c:\apps\vim\syntax\m4.vim
c:\apps\vim\syntax\stp.vim
c:\apps\vim\syntax\csh.vim
c:\apps\vim\syntax\smith.vim
c:\apps\vim\syntax\diff.vim
c:\apps\vim\syntax\lhaskell.vim
c:\apps\vim\syntax\group.vim
c:\apps\vim\syntax\dns.vim
c:\apps\vim\syntax\aspperl.vim
c:\apps\vim\syntax\ora.vim
c:\apps\vim\syntax\amiga.vim
c:\apps\vim\syntax\valgrind.vim
c:\apps\vim\syntax\ist.vim
c:\apps\vim\syntax\kix.vim
c:\apps\vim\syntax\python.vim
c:\apps\vim\syntax\resolv.vim
c:\apps\vim\syntax\rst.vim
c:\apps\vim\syntax\mail.vim
c:\apps\vim\syntax\plsql.vim
c:\apps\vim\syntax\pinfo.vim
c:\apps\vim\syntax\bzr.vim
c:\apps\vim\syntax\vhdl.vim
c:\apps\vim\syntax\automake.vim
c:\apps\vim\syntax\lite.vim
c:\apps\vim\syntax\exports.vim
c:\apps\vim\syntax\ia64.vim
c:\apps\vim\syntax\abap.vim
c:\apps\vim\syntax\trasys.vim
c:\apps\vim\syntax\sas.vim
c:\apps\vim\syntax\quake.vim
c:\apps\vim\syntax\lace.vim
c:\apps\vim\syntax\idlang.vim
c:\apps\vim\syntax\modula2.vim
c:\apps\vim\syntax\xpm2.vim
c:\apps\vim\syntax\zsh.vim
c:\apps\vim\syntax\ada.vim
c:\apps\vim\syntax\ld.vim
c:\apps\vim\syntax\ruby.vim
c:\apps\vim\syntax\htmlm4.vim
c:\apps\vim\syntax\cpp.vim
c:\apps\vim\syntax\manconf.vim
c:\apps\vim\syntax\modula3.vim
c:\apps\vim\syntax\mrxvtrc.vim
c:\apps\vim\syntax\dot.vim
c:\apps\vim\syntax\terminfo.vim
c:\apps\vim\syntax\perl.vim
c:\apps\vim\syntax\chill.vim
c:\apps\vim\syntax\rpl.vim
c:\apps\vim\syntax\pfmain.vim
c:\apps\vim\syntax\voscm.vim
c:\apps\vim\syntax\snnspat.vim
c:\apps\vim\syntax\lisp.vim
c:\apps\vim\syntax\conf.vim
c:\apps\vim\syntax\plp.vim
c:\apps\vim\syntax\objc.vim
c:\apps\vim\syntax\racc.vim
c:\apps\vim\syntax\bib.vim
c:\apps\vim\syntax\tcl.vim
c:\apps\vim\syntax\dylanlid.vim
c:\apps\vim\syntax\strace.vim
c:\apps\vim\syntax\xmodmap.vim
c:\apps\vim\syntax\muttrc.vim
c:\apps\vim\syntax\scss.vim
c:\apps\vim\syntax\blank.vim
c:\apps\vim\syntax\haml.vim
c:\apps\vim\syntax\grads.vim
c:\apps\vim\syntax\vmasm.vim
c:\apps\vim\syntax\services.vim
c:\apps\vim\syntax\cweb.vim
c:\apps\vim\syntax\virata.vim
c:\apps\vim\syntax\squid.vim
c:\apps\vim\syntax\fgl.vim
c:\apps\vim\syntax\xf86conf.vim
c:\apps\vim\syntax\docbk.vim
c:\apps\vim\syntax\mush.vim
c:\apps\vim\syntax\tsscl.vim
c:\apps\vim\syntax\change.vim
c:\apps\vim\syntax\tar.vim
c:\apps\vim\syntax\def.vim
c:\apps\vim\syntax\lex.vim
c:\apps\vim\syntax\tidy.vim
c:\apps\vim\syntax\haskell.vim
c:\apps\vim\syntax\master.vim
c:\apps\vim\syntax\spec.vim
c:\apps\vim\syntax\ecd.vim
c:\apps\vim\syntax\bdf.vim
c:\apps\vim\syntax\doxygen.vim
c:\apps\vim\syntax\uil.vim
c:\apps\vim\syntax\registry.vim
c:\apps\vim\syntax\named.vim
c:\apps\vim\syntax\exim.vim
c:\apps\vim\syntax\po.vim
c:\apps\vim\syntax\st.vim
c:\apps\vim\syntax\javacc.vim
c:\apps\vim\syntax\sql.vim
c:\apps\vim\syntax\tads.vim
c:\apps\vim\syntax\sinda.vim
c:\apps\vim\syntax\obj.vim
c:\apps\vim\syntax\viminfo.vim
c:\apps\vim\syntax\gp.vim
c:\apps\vim\syntax\ppwiz.vim
c:\apps\vim\syntax\jsp.vim
c:\apps\vim\syntax\gedcom.vim
c:\apps\vim\syntax\rexx.vim
c:\apps\vim\syntax\tasm.vim
c:\apps\vim\syntax\sdl.vim
c:\apps\vim\syntax\sass.vim
c:\apps\vim\syntax\z8a.vim
c:\apps\vim\syntax\mmp.vim
c:\apps\vim\syntax\moo.vim
c:\apps\vim\syntax\java.vim
c:\apps\vim\syntax\lotos.vim
c:\apps\vim\syntax\nasm.vim
c:\apps\vim\syntax\ayacc.vim
c:\apps\vim\syntax\hitest.vim
c:\apps\vim\syntax\spyce.vim
c:\apps\vim\syntax\natural.vim
c:\apps\vim\syntax\initng.vim
c:\apps\vim\syntax\ctrlh.vim
c:\apps\vim\syntax\sicad.vim
c:\apps\vim\syntax\sgmldecl.vim
c:\apps\vim\syntax\pccts.vim
c:\apps\vim\syntax\readline.vim
c:\apps\vim\syntax\xml.vim
c:\apps\vim\syntax\omnimark.vim
c:\apps\vim\syntax\dsl.vim
c:\apps\vim\syntax\cheetah.vim
c:\apps\vim\syntax\ant.vim
c:\apps\vim\syntax\matlab.vim
c:\apps\vim\syntax\takcmp.vim
c:\apps\vim\syntax\ave.vim
c:\apps\vim\syntax\rc.vim
c:\apps\vim\syntax\apache.vim
c:\apps\vim\syntax\reva.vim
c:\apps\vim\syntax\fvwm.vim
c:\apps\vim\syntax\cabal.vim
c:\apps\vim\syntax\xslt.vim
c:\apps\vim\syntax\model.vim
c:\apps\vim\syntax\nroff.vim
c:\apps\vim\syntax\aspvbs.vim
c:\apps\vim\syntax\skill.vim
c:\apps\vim\syntax\lss.vim
c:\apps\vim\syntax\eterm.vim
c:\apps\vim\syntax\rtf.vim
c:\apps\vim\syntax\abel.vim
c:\apps\vim\syntax\lscript.vim
c:\apps\vim\syntax\chaskell.vim
c:\apps\vim\syntax\tcsh.vim
c:\apps\vim\syntax\asm68k.vim
c:\apps\vim\syntax\sqlj.vim
c:\apps\vim\syntax\hex.vim
c:\apps\vim\syntax\slang.vim
c:\apps\vim\syntax\aml.vim
c:\apps\vim\syntax\cvs.vim
c:\apps\vim\syntax\abc.vim
c:\apps\vim\syntax\nastran.vim
c:\apps\vim\syntax\fortran.vim
c:\apps\vim\syntax\pascal.vim
c:\apps\vim\syntax\groff.vim
c:\apps\vim\syntax\cuda.vim
c:\apps\vim\syntax\config.vim
c:\apps\vim\syntax\sd.vim
c:\apps\vim\syntax\mma.vim
c:\apps\vim\macmap.vim
c:\apps\vim\evim.vim
c:\apps\vim\ftplugin.vim
c:\apps\vim\libintl.dll
c:\apps\vim\autoload\gnat.vim
c:\apps\vim\autoload\gzip.vim
c:\apps\vim\autoload\decada.vim
c:\apps\vim\autoload\readme.txt
c:\apps\vim\autoload\paste.vim
c:\apps\vim\autoload\netrw.vim
c:\apps\vim\autoload\xml\html40s.vim
c:\apps\vim\autoload\xml\html40f.vim
c:\apps\vim\autoload\xml\html40t.vim
c:\apps\vim\autoload\xml\html32.vim
c:\apps\vim\autoload\xml\xhtml11.vim
c:\apps\vim\autoload\xml\xhtml10t.vim
c:\apps\vim\autoload\xml\xsd.vim
c:\apps\vim\autoload\xml\html401t.vim
c:\apps\vim\autoload\xml\xhtml10f.vim
c:\apps\vim\autoload\xml\html401f.vim
c:\apps\vim\autoload\xml\html401s.vim
c:\apps\vim\autoload\xml\xhtml10s.vim
c:\apps\vim\autoload\xml\xsl.vim
c:\apps\vim\autoload\ada.vim
c:\apps\vim\autoload\zip.vim
c:\apps\vim\autoload\tar.vim
c:\apps\vim\autoload\tohtml.vim
c:\apps\vim\autoload\vimball.vim
c:\apps\vim\readme.txt
c:\apps\vim\vim.exe
c:\apps\vim\doc\vimdiff.1
c:\apps\vim\doc\options.txt
c:\apps\vim\doc\if_perl.txt
c:\apps\vim\doc\usr_27.txt
c:\apps\vim\doc\if_ruby.txt
c:\apps\vim\doc\usr_32.txt
c:\apps\vim\doc\digraph.txt
c:\apps\vim\doc\usr_26.txt
c:\apps\vim\doc\ft_sql.txt
c:\apps\vim\doc\pi_gzip.txt
c:\apps\vim\doc\if_lua.txt
c:\apps\vim\doc\motion.txt
c:\apps\vim\doc\hebrew.txt
c:\apps\vim\doc\xxd-fr.1
c:\apps\vim\doc\os_mac.txt
c:\apps\vim\doc\uganda.txt
c:\apps\vim\doc\develop.txt
c:\apps\vim\doc\os_risc.txt
c:\apps\vim\doc\usr_30.txt
c:\apps\vim\doc\usr_24.txt
c:\apps\vim\doc\undo.txt
c:\apps\vim\doc\usr_25.txt
c:\apps\vim\doc\usr_31.txt
c:\apps\vim\doc\os_beos.txt
c:\apps\vim\doc\if_pyth.txt
c:\apps\vim\doc\tips.txt
c:\apps\vim\doc\quickfix.txt
c:\apps\vim\doc\usr_09.txt
c:\apps\vim\doc\vimtutor.man
c:\apps\vim\doc\visual.txt
c:\apps\vim\doc\xxd.man
c:\apps\vim\doc\usr_21.txt
c:\apps\vim\doc\usr_20.txt
c:\apps\vim\doc\usr_08.txt
c:\apps\vim\doc\netbeans.txt
c:\apps\vim\doc\os_vms.txt
c:\apps\vim\doc\help.txt
c:\apps\vim\doc\hangulin.txt
c:\apps\vim\doc\print.txt
c:\apps\vim\doc\quotes.txt
c:\apps\vim\doc\mbyte.txt
c:\apps\vim\doc\gui_x11.txt
c:\apps\vim\doc\usr_22.txt
c:\apps\vim\doc\evim.1
c:\apps\vim\doc\rileft.txt
c:\apps\vim\doc\usr_23.txt
c:\apps\vim\doc\os_os2.txt
c:\apps\vim\doc\quickref.txt
c:\apps\vim\doc\tagsrch.txt
c:\apps\vim\doc\usr_44.txt
c:\apps\vim\doc\if_tcl.txt
c:\apps\vim\doc\helphelp.txt
c:\apps\vim\doc\vim-fr.1
c:\apps\vim\doc\usr_45.txt
c:\apps\vim\doc\filetype.txt
c:\apps\vim\doc\scroll.txt
c:\apps\vim\doc\usr_90.txt
c:\apps\vim\doc\vim.1
c:\apps\vim\doc\autocmd.txt
c:\apps\vim\doc\os_mint.txt
c:\apps\vim\doc\xxd.1
c:\apps\vim\doc\message.txt
c:\apps\vim\doc\gui_w32.txt
c:\apps\vim\doc\howto.txt
c:\apps\vim\doc\if_ole.txt
c:\apps\vim\doc\usr_42.txt
c:\apps\vim\doc\evim-fr.1
c:\apps\vim\doc\ft_ada.txt
c:\apps\vim\doc\usr_43.txt
c:\apps\vim\doc\os_amiga.txt
c:\apps\vim\doc\os_dos.txt
c:\apps\vim\doc\os_qnx.txt
c:\apps\vim\doc\usr_41.txt
c:\apps\vim\doc\usr_40.txt
c:\apps\vim\doc\tags
c:\apps\vim\doc\vimtutor.1
c:\apps\vim\doc\windows.txt
c:\apps\vim\doc\os_390.txt
c:\apps\vim\doc\spell.txt
c:\apps\vim\doc\evim-pl.1
c:\apps\vim\doc\version7.txt
c:\apps\vim\doc\recover.txt
c:\apps\vim\doc\eval.txt
c:\apps\vim\doc\version6.txt
c:\apps\vim\doc\evim-it.1
c:\apps\vim\doc\vim.man
c:\apps\vim\doc\version4.txt
c:\apps\vim\doc\vim-ru.1
c:\apps\vim\doc\if_sniff.txt
c:\apps\vim\doc\version5.txt
c:\apps\vim\doc\starting.txt
c:\apps\vim\doc\doctags.c
c:\apps\vim\doc\diff.txt
c:\apps\vim\doc\russian.txt
c:\apps\vim\doc\index.txt
c:\apps\vim\doc\pi_netrw.txt
c:\apps\vim\doc\vi_diff.txt
c:\apps\vim\doc\pi_tar.txt
c:\apps\vim\doc\indent.txt
c:\apps\vim\doc\vim-pl.1
c:\apps\vim\doc\gui_w16.txt
c:\apps\vim\doc\insert.txt
c:\apps\vim\doc\pi_paren.txt
c:\apps\vim\doc\tabpage.txt
c:\apps\vim\doc\syntax.txt
c:\apps\vim\doc\sponsor.txt
c:\apps\vim\doc\makefile
c:\apps\vim\doc\vim2html.pl
c:\apps\vim\doc\evim-ru.1
c:\apps\vim\doc\vim-it.1
c:\apps\vim\doc\editing.txt
c:\apps\vim\doc\os_unix.txt
c:\apps\vim\doc\mlang.txt
c:\apps\vim\doc\os_msdos.txt
c:\apps\vim\doc\debug.txt
c:\apps\vim\doc\pattern.txt
c:\apps\vim\doc\usr_06.txt
c:\apps\vim\doc\usr_12.txt
c:\apps\vim\doc\usr_07.txt
c:\apps\vim\doc\sign.txt
c:\apps\vim\doc\xxd-ru.1
c:\apps\vim\doc\workshop.txt
c:\apps\vim\doc\intro.txt
c:\apps\vim\doc\todo.txt
c:\apps\vim\doc\fold.txt
c:\apps\vim\doc\usr_11.txt
c:\apps\vim\doc\usr_05.txt
c:\apps\vim\doc\remote.txt
c:\apps\vim\doc\pi_zip.txt
c:\apps\vim\doc\usr_04.txt
c:\apps\vim\doc\usr_10.txt
c:\apps\vim\doc\repeat.txt
c:\apps\vim\doc\debugger.txt
c:\apps\vim\doc\various.txt
c:\apps\vim\doc\usr_toc.txt
c:\apps\vim\doc\xxd-it.1
c:\apps\vim\doc\usr_28.txt
c:\apps\vim\doc\usr_01.txt
c:\apps\vim\doc\usr_29.txt
c:\apps\vim\doc\term.txt
c:\apps\vim\doc\os_win32.txt
c:\apps\vim\doc\makehtml.awk
c:\apps\vim\doc\pi_spec.txt
c:\apps\vim\doc\arabic.txt
c:\apps\vim\doc\xxd-pl.1
c:\apps\vim\doc\vimdiff.man
c:\apps\vim\doc\usr_03.txt
c:\apps\vim\doc\maketags.awk
c:\apps\vim\doc\map.txt
c:\apps\vim\doc\usr_02.txt
c:\apps\vim\doc\change.txt
c:\apps\vim\doc\if_cscop.txt
c:\apps\vim\doc\farsi.txt
c:\apps\vim\doc\if_mzsch.txt
c:\apps\vim\doc\gui.txt
c:\apps\vim\doc\cmdline.txt
c:\apps\vim\mswin.vim
c:\apps\vim\keymap\dvorak.vim
c:\apps\vim\keymap\hebrew.vim
c:\apps\vim\keymap\greek.vim
c:\apps\vim\keymap\slovak.vim
c:\apps\vim\keymap\croatian.vim
c:\apps\vim\keymap\readme.txt
c:\apps\vim\keymap\hebrewp.vim
c:\apps\vim\keymap\kana.vim
c:\apps\vim\keymap\thaana.vim
c:\apps\vim\keymap\accents.vim
c:\apps\vim\keymap\arabic.vim
c:\apps\vim\keymap\czech.vim
c:\apps\vim\keymap\serbian.vim
c:\apps\vim\keymap\pinyin.vim
c:\apps\vim\keymap\sinhala.vim
c:\apps\vim\keymap\persian.vim
c:\apps\vim\uninstal.exe
c:\apps\vim\termcap
c:\apps\vim\tutor\tutor.pl
c:\apps\vim\tutor\tutor.sv
c:\apps\vim\tutor\tutor.sk
c:\apps\vim\tutor\tutor.no
c:\apps\vim\tutor\tutor.bj
c:\apps\vim\tutor\tutor.vim
c:\apps\vim\tutor\readme.txt
c:\apps\vim\tutor\tutor.ca
c:\apps\vim\tutor\tutor.it
c:\apps\vim\tutor\tutor.cs
c:\apps\vim\tutor\tutor.utf
c:\apps\vim\tutor\tutor
c:\apps\vim\tutor\tutor.el
c:\apps\vim\tutor\tutor.ru
c:\apps\vim\tutor\tutor.pt
c:\apps\vim\tutor\tutor.hu
c:\apps\vim\tutor\tutor.hr
c:\apps\vim\tutor\tutor.nb
c:\apps\vim\tutor\tutor.de
c:\apps\vim\tutor\makefile
c:\apps\vim\tutor\tutor.eo
c:\apps\vim\tutor\tutor.fr
c:\apps\vim\tutor\tutor.es
c:\apps\vim\vim16x16.gif
c:\apps\vim\colors\slate.vim
c:\apps\vim\colors\darkblue.vim
c:\apps\vim\colors\evening.vim
c:\apps\vim\colors\elflord.vim
c:\apps\vim\colors\zellner.vim
c:\apps\vim\colors\readme.txt
c:\apps\vim\colors\delek.vim
c:\apps\vim\colors\shine.vim
c:\apps\vim\colors\default.vim
c:\apps\vim\colors\pablo.vim
c:\apps\vim\colors\desert.vim
c:\apps\vim\colors\murphy.vim
c:\apps\vim\colors\koehler.vim
c:\apps\vim\colors\blue.vim
c:\apps\vim\colors\morning.vim
c:\apps\vim\colors\ron.vim
c:\apps\vim\colors\torte.vim
c:\apps\vim\filetype.vim
c:\apps\vim\delmenu.vim
c:\apps\vim\install.exe
c:\apps\vim\macros\justify.vim
c:\apps\vim\macros\matchit.txt
c:\apps\vim\macros\matchit.vim
c:\apps\vim\macros\less.vim
c:\apps\vim\macros\readme.txt
c:\apps\vim\macros\swapmous.vim
c:\apps\vim\macros\maze\poster
c:\apps\vim\macros\maze\readme.txt
c:\apps\vim\macros\maze\maze_mac
c:\apps\vim\macros\maze\main.aap
c:\apps\vim\macros\maze\maze_5.78
c:\apps\vim\macros\maze\makefile
c:\apps\vim\macros\maze\maze.c
c:\apps\vim\macros\maze\mazeansi.c
c:\apps\vim\macros\life\click.me
c:\apps\vim\macros\life\life.vim
c:\apps\vim\macros\urm\urm.vim
c:\apps\vim\macros\urm\readme.txt
c:\apps\vim\macros\urm\examples
c:\apps\vim\macros\urm\urm
c:\apps\vim\macros\hanoi\poster
c:\apps\vim\macros\hanoi\click.me
c:\apps\vim\macros\hanoi\hanoi.vim
c:\apps\vim\macros\less.sh
c:\apps\vim\macros\dvorak
c:\apps\vim\lang\readme.txt
c:\apps\vim\makemenu.vim
c:\apps\vim\print\koi8-r.ps
c:\apps\vim\print\ascii.ps
c:\apps\vim\print\prolog.ps
c:\apps\vim\print\ks_roman.ps
c:\apps\vim\print\cp1253.ps
c:\apps\vim\print\cp1257.ps
c:\apps\vim\print\latin1.ps
c:\apps\vim\print\cp1252.ps
c:\apps\vim\print\cp1255.ps
c:\apps\vim\print\cp1251.ps
c:\apps\vim\print\cp1250.ps
c:\apps\vim\print\cp1254.ps
c:\apps\vim\print\cidfont.ps
c:\apps\vim\print\koi8-u.ps
c:\apps\vim\print\gb_roman.ps
c:\apps\vim\print\dec-mcs.ps
c:\apps\vim\ftoff.vim
c:\apps\vim\indent.vim
c:\apps\vim\plugin\gzip.vim
c:\apps\vim\plugin\readme.txt
c:\apps\vim\plugin\rrhelper.vim
c:\apps\vim\plugin\tohtml.vim
c:\apps\vim\rgb.txt
c:\apps\vim\csdpmi4b\manifest\csdpmi4b.ver
c:\apps\vim\csdpmi4b\manifest\csdpmi4b.mft
c:\apps\vim\csdpmi4b\bin\cwsdpr0.exe
c:\apps\vim\csdpmi4b\bin\cwsdpmi.doc
c:\apps\vim\csdpmi4b\bin\cwsparam.doc
c:\apps\vim\csdpmi4b\bin\cwsparam.exe
c:\apps\vim\csdpmi4b\bin\cwsdpmi.exe
c:\apps\vim\vim32x32.gif
c:\apps\vim\ftplugof.vim
c:\apps\vim\spell\tn\tn_za.dif
c:\apps\vim\spell\tn\main.aap
c:\apps\vim\spell\rw\rw_rw.dif
c:\apps\vim\spell\rw\main.aap
c:\apps\vim\spell\th\main.aap
c:\apps\vim\spell\th\th.dif
c:\apps\vim\spell\fixdup.vim
c:\apps\vim\spell\check\check_bb.aff
c:\apps\vim\spell\check\check_aa.dic
c:\apps\vim\spell\check\check_bb.dic
c:\apps\vim\spell\check\check_aa.aff
c:\apps\vim\spell\check\main.aap
c:\apps\vim\spell\la\la.dif
c:\apps\vim\spell\la\main.aap
c:\apps\vim\spell\he.vim
c:\apps\vim\spell\cy\main.aap
c:\apps\vim\spell\cy\cy_gb.dif
c:\apps\vim\spell\fo\main.aap
c:\apps\vim\spell\fo\fo_fo.dif
c:\apps\vim\spell\lt\lt_lt.dif
c:\apps\vim\spell\lt\main.aap
c:\apps\vim\spell\en\en_ca.dif
c:\apps\vim\spell\en\en_au.dif
c:\apps\vim\spell\en\en_nz.dif
c:\apps\vim\spell\en\en_us.dif
c:\apps\vim\spell\en\main.aap
c:\apps\vim\spell\en\en_gb.dif
c:\apps\vim\spell\es\es_mx.dif
c:\apps\vim\spell\es\main.aap
c:\apps\vim\spell\es\es_es.dif
c:\apps\vim\spell\fr\main.aap
c:\apps\vim\spell\fr\fr_fr.dif
c:\apps\vim\spell\id\id_id.dif
c:\apps\vim\spell\id\main.aap
c:\apps\vim\spell\eo\eo_l3.dif
c:\apps\vim\spell\eo\main.aap
c:\apps\vim\spell\readme.txt
c:\apps\vim\spell\br\br_fr.dif
c:\apps\vim\spell\br\main.aap
c:\apps\vim\spell\ny\ny_mw.dif
c:\apps\vim\spell\ny\main.aap
c:\apps\vim\spell\gd\main.aap
c:\apps\vim\spell\gd\gd_gb.dif
c:\apps\vim\spell\yi.vim
c:\apps\vim\spell\de\de_ch.dif
c:\apps\vim\spell\de\de_at.dif
c:\apps\vim\spell\de\main.aap
c:\apps\vim\spell\de\de_20.dif
c:\apps\vim\spell\de\de_de.dif
c:\apps\vim\spell\de\de_19.dif
c:\apps\vim\spell\nb\main.aap
c:\apps\vim\spell\nb\nb_no.dif
c:\apps\vim\spell\af\main.aap
c:\apps\vim\spell\af\af_za.dif
c:\apps\vim\spell\bg\bg_bg.dif
c:\apps\vim\spell\bg\main.aap
c:\apps\vim\spell\nl\main.aap
c:\apps\vim\spell\nl\nl_nl.dif
c:\apps\vim\spell\hu\hu_hu.dif
c:\apps\vim\spell\hu\main.aap
c:\apps\vim\spell\hr\hr_hr.dif
c:\apps\vim\spell\hr\main.aap
c:\apps\vim\spell\gl\gl_es.dif
c:\apps\vim\spell\gl\main.aap
c:\apps\vim\spell\ku\ku_tr.dif
c:\apps\vim\spell\ku\main.aap
c:\apps\vim\spell\uk\uk_ua.dif
c:\apps\vim\spell\uk\main.aap
c:\apps\vim\spell\pt\pt_pt.dif
c:\apps\vim\spell\pt\pt_br.dif
c:\apps\vim\spell\pt\main.aap
c:\apps\vim\spell\yi\readme.txt
c:\apps\vim\spell\yi\yi_tr.dif
c:\apps\vim\spell\yi\main.aap
c:\apps\vim\spell\yi\yi.dif
c:\apps\vim\spell\zu\zu_za.dif
c:\apps\vim\spell\zu\main.aap
c:\apps\vim\spell\tet\main.aap
c:\apps\vim\spell\tet\tet_id.dif
c:\apps\vim\spell\ro\main.aap
c:\apps\vim\spell\ro\ro_ro.dif
c:\apps\vim\spell\cleanadd.vim
c:\apps\vim\spell\tl\tl_ph.dif
c:\apps\vim\spell\tl\main.aap
c:\apps\vim\spell\ru\ru_ru.dif
c:\apps\vim\spell\ru\ru_yo.dif
c:\apps\vim\spell\ru\main.aap
c:\apps\vim\spell\cs\main.aap
c:\apps\vim\spell\cs\cs_cz.dif
c:\apps\vim\spell\ca\ca_es.dif
c:\apps\vim\spell\ca\main.aap
c:\apps\vim\spell\it\main.aap
c:\apps\vim\spell\it\it_it.dif
c:\apps\vim\spell\lv\lv_lv.dif
c:\apps\vim\spell\lv\main.aap
c:\apps\vim\spell\main.aap
c:\apps\vim\spell\el\main.aap
c:\apps\vim\spell\el\el_gr.dif
c:\apps\vim\spell\mi\mi_nz.dif
c:\apps\vim\spell\mi\main.aap
c:\apps\vim\spell\mg\mg_mg.dif
c:\apps\vim\spell\mg\main.aap
c:\apps\vim\spell\da\da_dk.dif
c:\apps\vim\spell\da\main.aap
c:\apps\vim\spell\nn\main.aap
c:\apps\vim\spell\nn\nn_no.dif
c:\apps\vim\spell\am\am_et.dif
c:\apps\vim\spell\am\main.aap
c:\apps\vim\spell\ms\main.aap
c:\apps\vim\spell\ms\ms_my.dif
c:\apps\vim\spell\he\main.aap
c:\apps\vim\spell\he\he_il.dif
c:\apps\vim\spell\ga\main.aap
c:\apps\vim\spell\ga\ga_ie.dif
c:\apps\vim\spell\sv\sv_se.dif
c:\apps\vim\spell\sv\main.aap
c:\apps\vim\spell\pl\main.aap
c:\apps\vim\spell\pl\pl_pl.dif
c:\apps\vim\spell\sw\sw_ke.dif
c:\apps\vim\spell\sw\main.aap
c:\apps\vim\spell\sk\sk_sk.dif
c:\apps\vim\spell\sk\main.aap
c:\apps\vim\spell\sl\sl_si.dif
c:\apps\vim\spell\sl\main.aap
c:\apps\vim\uninstal.txt
c:\apps\vim\vimlogo.gif
c:\apps\vim\scripts.vim
c:\apps\vim\vimlogo.cdr
c:\apps\vim\vim48x48.gif
c:\apps\vim\tools\vim132
c:\apps\vim\tools\mve.txt
c:\apps\vim\tools\vimspell.sh
c:\apps\vim\tools\ccfilter.c
c:\apps\vim\tools\readme.txt
c:\apps\vim\tools\blink.c
c:\apps\vim\tools\mve.awk
c:\apps\vim\tools\pltags.pl
c:\apps\vim\tools\vimspell.txt
c:\apps\vim\tools\unicode.vim
c:\apps\vim\tools\ccfilter.1
c:\apps\vim\tools\shtags.pl
c:\apps\vim\tools\vimm
c:\apps\vim\tools\efm_perl.pl
c:\apps\vim\tools\ref
c:\apps\vim\tools\shtags.1
c:\apps\vim\lfnfiles.zip
c:\apps\vim\vimtutor.bat
c:\apps\vim\optwin.vim
c:\apps\vim\ftplugin\hamster.vim
c:\apps\vim\ftplugin\cobol.vim
c:\apps\vim\ftplugin\flexwiki.vim
c:\apps\vim\ftplugin\sieve.vim
c:\apps\vim\ftplugin\sh.vim
c:\apps\vim\ftplugin\man.vim
c:\apps\vim\ftplugin\udevconf.vim
c:\apps\vim\ftplugin\screen.vim
c:\apps\vim\ftplugin\pamconf.vim
c:\apps\vim\ftplugin\context.vim
c:\apps\vim\ftplugin\arch.vim
c:\apps\vim\ftplugin\slpspi.vim
c:\apps\vim\ftplugin\elinks.vim
c:\apps\vim\ftplugin\limits.vim
c:\apps\vim\ftplugin\lftp.vim
c:\apps\vim\ftplugin\help.vim
c:\apps\vim\ftplugin\bst.vim
c:\apps\vim\ftplugin\html.vim
c:\apps\vim\ftplugin\updatedb.vim
c:\apps\vim\ftplugin\xhtml.vim
c:\apps\vim\ftplugin\qf.vim
c:\apps\vim\ftplugin\hostconf.vim
c:\apps\vim\ftplugin\rnc.vim
c:\apps\vim\ftplugin\libao.vim
c:\apps\vim\ftplugin\cvsrc.vim
c:\apps\vim\ftplugin\calendar.vim
c:\apps\vim\ftplugin\kwt.vim
c:\apps\vim\ftplugin\aap.vim
c:\apps\vim\ftplugin\logcheck.vim
c:\apps\vim\ftplugin\yaml.vim
c:\apps\vim\ftplugin\modconf.vim
c:\apps\vim\ftplugin\dosbatch.vim
c:\apps\vim\ftplugin\sgml.vim
c:\apps\vim\ftplugin\pdf.vim
c:\apps\vim\ftplugin\readme.txt
c:\apps\vim\ftplugin\passwd.vim
c:\apps\vim\ftplugin\dtd.vim
c:\apps\vim\ftplugin\c.vim
c:\apps\vim\ftplugin\postscr.vim
c:\apps\vim\ftplugin\pyrex.vim
c:\apps\vim\ftplugin\netrc.vim
c:\apps\vim\ftplugin\cucumber.vim
c:\apps\vim\ftplugin\dictconf.vim
c:\apps\vim\ftplugin\initex.vim
c:\apps\vim\ftplugin\dosini.vim
c:\apps\vim\ftplugin\art.vim
c:\apps\vim\ftplugin\cs.vim
c:\apps\vim\ftplugin\css.vim
c:\apps\vim\ftplugin\logtalk.vim
c:\apps\vim\ftplugin\xsd.vim
c:\apps\vim\ftplugin\dtrace.vim
c:\apps\vim\ftplugin\php.vim
c:\apps\vim\ftplugin\nsis.vim
c:\apps\vim\ftplugin\alsaconf.vim
c:\apps\vim\ftplugin\grub.vim
c:\apps\vim\ftplugin\svg.vim
c:\apps\vim\ftplugin\xinetd.vim
c:\apps\vim\ftplugin\falcon.vim
c:\apps\vim\ftplugin\abaqus.vim
c:\apps\vim\ftplugin\ocaml.vim
c:\apps\vim\ftplugin\occam.vim
c:\apps\vim\ftplugin\lprolog.vim
c:\apps\vim\ftplugin\logtalk.dic
c:\apps\vim\ftplugin\csc.vim
c:\apps\vim\ftplugin\udevperm.vim
c:\apps\vim\ftplugin\vb.vim
c:\apps\vim\ftplugin\scheme.vim
c:\apps\vim\ftplugin\nanorc.vim
c:\apps\vim\ftplugin\perl6.vim
c:\apps\vim\ftplugin\plaintex.vim
c:\apps\vim\ftplugin\kconfig.vim
c:\apps\vim\ftplugin\a2ps.vim
c:\apps\vim\ftplugin\gpg.vim
c:\apps\vim\ftplugin\tex.vim
c:\apps\vim\ftplugin\procmail.vim
c:\apps\vim\ftplugin\prolog.vim
c:\apps\vim\ftplugin\xs.vim
c:\apps\vim\ftplugin\verilog.vim
c:\apps\vim\ftplugin\liquid.vim
c:\apps\vim\ftplugin\slpconf.vim
c:\apps\vim\ftplugin\lua.vim
c:\apps\vim\ftplugin\markdown.vim
c:\apps\vim\ftplugin\mf.vim
c:\apps\vim\ftplugin\vim.vim
c:\apps\vim\ftplugin\sudoers.vim
c:\apps\vim\ftplugin\mp.vim
c:\apps\vim\ftplugin\eruby.vim
c:\apps\vim\ftplugin\indent.vim
c:\apps\vim\ftplugin\sensors.vim
c:\apps\vim\ftplugin\sysctl.vim
c:\apps\vim\ftplugin\mailcap.vim
c:\apps\vim\ftplugin\ishd.vim
c:\apps\vim\ftplugin\make.vim
c:\apps\vim\ftplugin\git.vim
c:\apps\vim\ftplugin\btm.vim
c:\apps\vim\ftplugin\slpreg.vim
c:\apps\vim\ftplugin\ch.vim
c:\apps\vim\ftplugin\crm.vim
c:\apps\vim\ftplugin\m4.vim
c:\apps\vim\ftplugin\csh.vim
c:\apps\vim\ftplugin\diff.vim
c:\apps\vim\ftplugin\group.vim
c:\apps\vim\ftplugin\python.vim
c:\apps\vim\ftplugin\rst.vim
c:\apps\vim\ftplugin\mail.vim
c:\apps\vim\ftplugin\pinfo.vim
c:\apps\vim\ftplugin\vhdl.vim
c:\apps\vim\ftplugin\automake.vim
c:\apps\vim\ftplugin\quake.vim
c:\apps\vim\ftplugin\zsh.vim
c:\apps\vim\ftplugin\ada.vim
c:\apps\vim\ftplugin\ld.vim
c:\apps\vim\ftplugin\ruby.vim
c:\apps\vim\ftplugin\cpp.vim
c:\apps\vim\ftplugin\manconf.vim
c:\apps\vim\ftplugin\mrxvtrc.vim
c:\apps\vim\ftplugin\terminfo.vim
c:\apps\vim\ftplugin\perl.vim
c:\apps\vim\ftplugin\rpl.vim
c:\apps\vim\ftplugin\lisp.vim
c:\apps\vim\ftplugin\conf.vim
c:\apps\vim\ftplugin\objc.vim
c:\apps\vim\ftplugin\racc.vim
c:\apps\vim\ftplugin\tcl.vim
c:\apps\vim\ftplugin\xmodmap.vim
c:\apps\vim\ftplugin\muttrc.vim
c:\apps\vim\ftplugin\scss.vim
c:\apps\vim\ftplugin\haml.vim
c:\apps\vim\ftplugin\services.vim
c:\apps\vim\ftplugin\xf86conf.vim
c:\apps\vim\ftplugin\docbk.vim
c:\apps\vim\ftplugin\haskell.vim
c:\apps\vim\ftplugin\spec.vim
c:\apps\vim\ftplugin\bdf.vim
c:\apps\vim\ftplugin\sql.vim
c:\apps\vim\ftplugin\jsp.vim
c:\apps\vim\ftplugin\sass.vim
c:\apps\vim\ftplugin\java.vim
c:\apps\vim\ftplugin\readline.vim
c:\apps\vim\ftplugin\xml.vim
c:\apps\vim\ftplugin\ant.vim
c:\apps\vim\ftplugin\matlab.vim
c:\apps\vim\ftplugin\reva.vim
c:\apps\vim\ftplugin\fvwm.vim
c:\apps\vim\ftplugin\xslt.vim
c:\apps\vim\ftplugin\aspvbs.vim
c:\apps\vim\ftplugin\eterm.vim
c:\apps\vim\ftplugin\tcsh.vim
c:\apps\vim\ftplugin\fortran.vim
c:\apps\vim\ftplugin\pascal.vim
c:\apps\vim\ftplugin\config.vim
c:\apps\vim\xxd.exe
c:\apps\vim\vimlogo.eps
c:\apps\vim\indoff.vim
c:\apps\vim\indent\hamster.vim
c:\apps\vim\indent\cobol.vim
c:\apps\vim\indent\yacc.vim
c:\apps\vim\indent\sh.vim
c:\apps\vim\indent\pov.vim
c:\apps\vim\indent\cmake.vim
c:\apps\vim\indent\bst.vim
c:\apps\vim\indent\html.vim
c:\apps\vim\indent\xhtml.vim
c:\apps\vim\indent\aap.vim
c:\apps\vim\indent\awk.vim
c:\apps\vim\indent\readme.txt
c:\apps\vim\indent\dtd.vim
c:\apps\vim\indent\c.vim
c:\apps\vim\indent\postscr.vim
c:\apps\vim\indent\pyrex.vim
c:\apps\vim\indent\cucumber.vim
c:\apps\vim\indent\dictconf.vim
c:\apps\vim\indent\cdl.vim
c:\apps\vim\indent\cs.vim
c:\apps\vim\indent\css.vim
c:\apps\vim\indent\logtalk.vim
c:\apps\vim\indent\xsd.vim
c:\apps\vim\indent\dtrace.vim
c:\apps\vim\indent\php.vim
c:\apps\vim\indent\tilde.vim
c:\apps\vim\indent\d.vim
c:\apps\vim\indent\xinetd.vim
c:\apps\vim\indent\sml.vim
c:\apps\vim\indent\falcon.vim
c:\apps\vim\indent\ocaml.vim
c:\apps\vim\indent\occam.vim
c:\apps\vim\indent\vb.vim
c:\apps\vim\indent\scheme.vim
c:\apps\vim\indent\perl6.vim
c:\apps\vim\indent\dylan.vim
c:\apps\vim\indent\prolog.vim
c:\apps\vim\indent\verilog.vim
c:\apps\vim\indent\liquid.vim
c:\apps\vim\indent\tf.vim
c:\apps\vim\indent\lua.vim
c:\apps\vim\indent\erlang.vim
c:\apps\vim\indent\eiffel.vim
c:\apps\vim\indent\vim.vim
c:\apps\vim\indent\mp.vim
c:\apps\vim\indent\eruby.vim
c:\apps\vim\indent\ishd.vim
c:\apps\vim\indent\make.vim
c:\apps\vim\indent\ch.vim
c:\apps\vim\indent\python.vim
c:\apps\vim\indent\rst.vim
c:\apps\vim\indent\mail.vim
c:\apps\vim\indent\vhdl.vim
c:\apps\vim\indent\automake.vim
c:\apps\vim\indent\idlang.vim
c:\apps\vim\indent\zsh.vim
c:\apps\vim\indent\ada.vim
c:\apps\vim\indent\ld.vim
c:\apps\vim\indent\ruby.vim
c:\apps\vim\indent\cpp.vim
c:\apps\vim\indent\perl.vim
c:\apps\vim\indent\rpl.vim
c:\apps\vim\indent\lisp.vim
c:\apps\vim\indent\objc.vim
c:\apps\vim\indent\bib.vim
c:\apps\vim\indent\tcl.vim
c:\apps\vim\indent\scss.vim
c:\apps\vim\indent\haml.vim
c:\apps\vim\indent\xf86conf.vim
c:\apps\vim\indent\docbk.vim
c:\apps\vim\indent\sql.vim
c:\apps\vim\indent\jsp.vim
c:\apps\vim\indent\sdl.vim
c:\apps\vim\indent\sass.vim
c:\apps\vim\indent\java.vim
c:\apps\vim\indent\readline.vim
c:\apps\vim\indent\xml.vim
c:\apps\vim\indent\ant.vim
c:\apps\vim\indent\matlab.vim
c:\apps\vim\indent\xslt.vim
c:\apps\vim\indent\eterm.vim
c:\apps\vim\indent\tcsh.vim
c:\apps\vim\indent\fortran.vim
c:\apps\vim\indent\pascal.vim
c:\apps\vim\indent\cuda.vim
c:\apps\vim\indent\config.vim
c:\apps\vim\indent\mma.vim
C:\FDOS\appinfo\vim.fr
C:\FDOS\appinfo\vim.tr
C:\FDOS\appinfo\vim.lsm
C:\FDOS\appinfo\vim.de
