c:\games\wing\sound\menuitem.wav
c:\games\wing\sound\gameover.wav
c:\games\wing\sound\one.wav
c:\games\wing\sound\go.wav
c:\games\wing\sound\plasma.wav
c:\games\wing\sound\torpedo.wav
c:\games\wing\sound\three.wav
c:\games\wing\sound\minigun.wav
c:\games\wing\sound\two.wav
c:\games\wing\sound\flight.wav
c:\games\wing\sound\enemydie.wav
c:\games\wing\sound\die.wav
c:\games\wing\sound\laser.wav
c:\games\wing\sound\bullethi.wav
c:\games\wing\levels\level_na.dat
c:\games\wing\levels\level1.dat
c:\games\wing\levels\level3.dat
c:\games\wing\levels\level2.dat
c:\games\wing\levels\level6.dat
c:\games\wing\levels\level5.dat
c:\games\wing\levels\level4.dat
c:\games\wing\wing.exe
c:\games\wing\readme.txt
c:\games\wing\scores.dat
c:\games\wing\images\laser.bmp
c:\games\wing\images\oimages.dat
c:\games\wing\images\destroye.bmp
c:\games\wing\images\ship8.bmp
c:\games\wing\images\wing.bmp
c:\games\wing\images\ship9.bmp
c:\games\wing\images\otitle.bmp
c:\games\wing\images\fire25.bmp
c:\games\wing\images\fire19.bmp
c:\games\wing\images\menu.dat
c:\games\wing\images\fighter.bmp
c:\games\wing\images\minigun.bmp
c:\games\wing\images\fire18.bmp
c:\games\wing\images\fire24.bmp
c:\games\wing\images\hsimages.dat
c:\games\wing\images\enemy_to.bmp
c:\games\wing\images\fire23.bmp
c:\games\wing\images\enemy_mi.bmp
c:\games\wing\images\hsmenua.bmp
c:\games\wing\images\fire22.bmp
c:\games\wing\images\torpedo.bmp
c:\games\wing\images\fire08.bmp
c:\games\wing\images\fire20.bmp
c:\games\wing\images\hsmenub.bmp
c:\games\wing\images\hsmenuc.bmp
c:\games\wing\images\fire21.bmp
c:\games\wing\images\fire09.bmp
c:\games\wing\images\fire10.bmp
c:\games\wing\images\fire04.bmp
c:\games\wing\images\fire05.bmp
c:\games\wing\images\fire11.bmp
c:\games\wing\images\scout.bmp
c:\games\wing\images\fire07.bmp
c:\games\wing\images\fire13.bmp
c:\games\wing\images\enemy_la.bmp
c:\games\wing\images\omenud.bmp
c:\games\wing\images\omenue.bmp
c:\games\wing\images\fire12.bmp
c:\games\wing\images\fire06.bmp
c:\games\wing\images\fire02.bmp
c:\games\wing\images\fire16.bmp
c:\games\wing\images\omenua.bmp
c:\games\wing\images\fire17.bmp
c:\games\wing\images\fire03.bmp
c:\games\wing\images\bomber.bmp
c:\games\wing\images\fire15.bmp
c:\games\wing\images\fire01.bmp
c:\games\wing\images\omenub.bmp
c:\games\wing\images\omenuc.bmp
c:\games\wing\images\bullets.dat
c:\games\wing\images\fire00.bmp
c:\games\wing\images\fire14.bmp
c:\games\wing\images\ship4.bmp
c:\games\wing\images\ship12.bmp
c:\games\wing\images\plasma.bmp
c:\games\wing\images\enemy.dat
c:\games\wing\images\explode.dat
c:\games\wing\images\ship13.bmp
c:\games\wing\images\ship5.bmp
c:\games\wing\images\ship7.bmp
c:\games\wing\images\ship11.bmp
c:\games\wing\images\enemy_pl.bmp
c:\games\wing\images\menue.bmp
c:\games\wing\images\menud.bmp
c:\games\wing\images\enemy_bu.dat
c:\games\wing\images\ship10.bmp
c:\games\wing\images\ship6.bmp
c:\games\wing\images\plane.dat
c:\games\wing\images\ship2.bmp
c:\games\wing\images\ship14.bmp
c:\games\wing\images\menua.bmp
c:\games\wing\images\ship15.bmp
c:\games\wing\images\ship3.bmp
c:\games\wing\images\ship1.bmp
c:\games\wing\images\menuc.bmp
c:\games\wing\images\menub.bmp
c:\games\wing\images\ship16.bmp
c:\games\wing\images\hstitle.bmp
c:\games\wing\copying.txt
C:\FDOS\appinfo\wing.tr
C:\FDOS\appinfo\wing.lsm
C:\FDOS\appinfo\wing.fr
C:\FDOS\appinfo\wing.de
